[2026-05-16 16:48:01] INFO | Script B starting (TEST MODE) — 2026-05-16T16:48:01.842348
[2026-05-16 16:48:01] INFO | Time filter: last 24 hours (f_TPR=r86400)
[2026-05-16 16:48:01] INFO | TEST_MODE=True — main files will NOT be modified
[2026-05-16 16:48:01] INFO | Results will be written to C:\Users\waqas\Downloads\fyp-career-guidance\fyp-career-guidance\backend\data\linkedin_daily_temp.json
[2026-05-16 16:48:01] INFO | Loaded existing data — 1016 jobs in database
[2026-05-16 16:48:01] INFO | Starting daily main pass (f_TPR=r86400)
[2026-05-16 16:48:01] INFO | Daily main pass starting (f_TPR=r86400)
[2026-05-16 16:48:05] STATUS 200 | 1625ms | https://www.linkedin.com/jobs-guest/jobs/api/seeMoreJobPostings/search?location=
[2026-05-16 16:48:05] INFO | Page 0 → 10 cards
[2026-05-16 16:48:08] STATUS 200 | 406ms | https://www.linkedin.com/jobs-guest/jobs/api/jobPosting/4415512361
[2026-05-16 16:48:12] STATUS 200 | 375ms | https://www.linkedin.com/jobs-guest/jobs/api/jobPosting/4415165381
[2026-05-16 16:48:15] STATUS 200 | 406ms | https://www.linkedin.com/jobs-guest/jobs/api/jobPosting/4412084457
[2026-05-16 16:48:18] STATUS 200 | 593ms | https://www.linkedin.com/jobs-guest/jobs/api/seeMoreJobPostings/search?location=
[2026-05-16 16:48:18] INFO | Page 1 → 10 cards
[2026-05-16 16:48:22] STATUS 200 | 483ms | https://www.linkedin.com/jobs-guest/jobs/api/jobPosting/4415163343
[2026-05-16 16:48:25] STATUS 200 | 375ms | https://www.linkedin.com/jobs-guest/jobs/api/jobPosting/4415595190
[2026-05-16 16:48:29] STATUS 200 | 625ms | https://www.linkedin.com/jobs-guest/jobs/api/jobPosting/4415168294
[2026-05-16 16:48:32] STATUS 200 | 359ms | https://www.linkedin.com/jobs-guest/jobs/api/jobPosting/4415168307
[2026-05-16 16:48:35] STATUS 200 | 391ms | https://www.linkedin.com/jobs-guest/jobs/api/jobPosting/4412074672
[2026-05-16 16:48:39] STATUS 200 | 391ms | https://www.linkedin.com/jobs-guest/jobs/api/jobPosting/4415161355
[2026-05-16 16:48:41] STATUS 200 | 592ms | https://www.linkedin.com/jobs-guest/jobs/api/seeMoreJobPostings/search?location=
[2026-05-16 16:48:42] INFO | Page 2 → 10 cards
[2026-05-16 16:48:45] STATUS 200 | 406ms | https://www.linkedin.com/jobs-guest/jobs/api/jobPosting/4415504612
[2026-05-16 16:48:48] STATUS 200 | 405ms | https://www.linkedin.com/jobs-guest/jobs/api/jobPosting/4094858694
[2026-05-16 16:48:52] STATUS 200 | 389ms | https://www.linkedin.com/jobs-guest/jobs/api/jobPosting/4415162313
[2026-05-16 16:48:55] STATUS 200 | 375ms | https://www.linkedin.com/jobs-guest/jobs/api/jobPosting/4415117942
[2026-05-16 16:48:59] STATUS 200 | 389ms | https://www.linkedin.com/jobs-guest/jobs/api/jobPosting/4415164344
[2026-05-16 16:49:02] STATUS 200 | 375ms | https://www.linkedin.com/jobs-guest/jobs/api/jobPosting/4415511373
[2026-05-16 16:49:06] STATUS 200 | 389ms | https://www.linkedin.com/jobs-guest/jobs/api/jobPosting/4415150733
[2026-05-16 16:49:08] STATUS 200 | 546ms | https://www.linkedin.com/jobs-guest/jobs/api/seeMoreJobPostings/search?location=
[2026-05-16 16:49:08] INFO | Page 3 → 10 cards
[2026-05-16 16:49:12] STATUS 200 | 500ms | https://www.linkedin.com/jobs-guest/jobs/api/jobPosting/4415847397
[2026-05-16 16:49:15] STATUS 200 | 407ms | https://www.linkedin.com/jobs-guest/jobs/api/jobPosting/4415849635
[2026-05-16 16:49:18] STATUS 200 | 389ms | https://www.linkedin.com/jobs-guest/jobs/api/jobPosting/4415864328
[2026-05-16 16:49:22] STATUS 200 | 672ms | https://www.linkedin.com/jobs-guest/jobs/api/jobPosting/4415162308
[2026-05-16 16:49:26] STATUS 200 | 375ms | https://www.linkedin.com/jobs-guest/jobs/api/jobPosting/4415151736
[2026-05-16 16:49:29] STATUS 200 | 389ms | https://www.linkedin.com/jobs-guest/jobs/api/jobPosting/4415158474
[2026-05-16 16:49:32] STATUS 200 | 389ms | https://www.linkedin.com/jobs-guest/jobs/api/jobPosting/4415162364
[2026-05-16 16:49:36] STATUS 200 | 406ms | https://www.linkedin.com/jobs-guest/jobs/api/jobPosting/4412085274
[2026-05-16 16:49:38] STATUS 200 | 578ms | https://www.linkedin.com/jobs-guest/jobs/api/seeMoreJobPostings/search?location=
[2026-05-16 16:49:38] INFO | Page 4 → 10 cards
[2026-05-16 16:49:42] STATUS 200 | 406ms | https://www.linkedin.com/jobs-guest/jobs/api/jobPosting/4415169251
[2026-05-16 16:49:45] STATUS 200 | 360ms | https://www.linkedin.com/jobs-guest/jobs/api/jobPosting/4415171176
[2026-05-16 16:49:49] STATUS 200 | 375ms | https://www.linkedin.com/jobs-guest/jobs/api/jobPosting/4415565809
[2026-05-16 16:49:52] STATUS 200 | 360ms | https://www.linkedin.com/jobs-guest/jobs/api/jobPosting/4415153647
[2026-05-16 16:49:56] STATUS 200 | 422ms | https://www.linkedin.com/jobs-guest/jobs/api/jobPosting/4415158541
[2026-05-16 16:49:59] STATUS 200 | 608ms | https://www.linkedin.com/jobs-guest/jobs/api/jobPosting/4415171232
[2026-05-16 16:50:03] STATUS 200 | 358ms | https://www.linkedin.com/jobs-guest/jobs/api/jobPosting/4415171220
[2026-05-16 16:50:06] STATUS 200 | 530ms | https://www.linkedin.com/jobs-guest/jobs/api/jobPosting/4415183056
[2026-05-16 16:50:09] STATUS 200 | 562ms | https://www.linkedin.com/jobs-guest/jobs/api/seeMoreJobPostings/search?location=
[2026-05-16 16:50:09] INFO | Page 5 → 10 cards
[2026-05-16 16:50:12] STATUS 200 | 375ms | https://www.linkedin.com/jobs-guest/jobs/api/jobPosting/4415168366
[2026-05-16 16:50:16] STATUS 200 | 406ms | https://www.linkedin.com/jobs-guest/jobs/api/jobPosting/4384836014
[2026-05-16 16:50:19] STATUS 200 | 358ms | https://www.linkedin.com/jobs-guest/jobs/api/jobPosting/4415393034
[2026-05-16 16:50:22] STATUS 200 | 406ms | https://www.linkedin.com/jobs-guest/jobs/api/jobPosting/4415530179
[2026-05-16 16:50:26] STATUS 200 | 422ms | https://www.linkedin.com/jobs-guest/jobs/api/jobPosting/4415154444
[2026-05-16 16:50:29] STATUS 200 | 389ms | https://www.linkedin.com/jobs-guest/jobs/api/jobPosting/4415161325
[2026-05-16 16:50:33] STATUS 200 | 421ms | https://www.linkedin.com/jobs-guest/jobs/api/jobPosting/4412016063
[2026-05-16 16:50:35] STATUS 200 | 608ms | https://www.linkedin.com/jobs-guest/jobs/api/seeMoreJobPostings/search?location=
[2026-05-16 16:50:35] INFO | Page 6 → 10 cards
[2026-05-16 16:50:39] STATUS 200 | 375ms | https://www.linkedin.com/jobs-guest/jobs/api/jobPosting/4415154509
[2026-05-16 16:50:42] STATUS 200 | 389ms | https://www.linkedin.com/jobs-guest/jobs/api/jobPosting/4415154458
[2026-05-16 16:50:46] STATUS 200 | 422ms | https://www.linkedin.com/jobs-guest/jobs/api/jobPosting/4415166375
[2026-05-16 16:50:50] STATUS 200 | 1156ms | https://www.linkedin.com/jobs-guest/jobs/api/jobPosting/4415151698
[2026-05-16 16:50:53] STATUS 200 | 406ms | https://www.linkedin.com/jobs-guest/jobs/api/jobPosting/4415158537
[2026-05-16 16:50:57] STATUS 200 | 405ms | https://www.linkedin.com/jobs-guest/jobs/api/jobPosting/4415157429
[2026-05-16 16:51:00] STATUS 200 | 406ms | https://www.linkedin.com/jobs-guest/jobs/api/jobPosting/4415850481
[2026-05-16 16:51:04] STATUS 200 | 625ms | https://www.linkedin.com/jobs-guest/jobs/api/jobPosting/4412084466
[2026-05-16 16:51:07] STATUS 200 | 406ms | https://www.linkedin.com/jobs-guest/jobs/api/jobPosting/4410634620
[2026-05-16 16:51:11] STATUS 200 | 405ms | https://www.linkedin.com/jobs-guest/jobs/api/jobPosting/4414221839
[2026-05-16 16:51:13] STATUS 200 | 578ms | https://www.linkedin.com/jobs-guest/jobs/api/seeMoreJobPostings/search?location=
[2026-05-16 16:51:13] INFO | Page 7 → 10 cards
[2026-05-16 16:51:17] STATUS 200 | 437ms | https://www.linkedin.com/jobs-guest/jobs/api/jobPosting/4415080187
[2026-05-16 16:51:20] STATUS 200 | 546ms | https://www.linkedin.com/jobs-guest/jobs/api/jobPosting/4412040685
[2026-05-16 16:51:24] STATUS 200 | 592ms | https://www.linkedin.com/jobs-guest/jobs/api/jobPosting/4415091008
[2026-05-16 16:51:27] STATUS 200 | 391ms | https://www.linkedin.com/jobs-guest/jobs/api/jobPosting/4415373604
[2026-05-16 16:51:31] STATUS 200 | 578ms | https://www.linkedin.com/jobs-guest/jobs/api/jobPosting/4412008212
[2026-05-16 16:51:35] STATUS 200 | 1264ms | https://www.linkedin.com/jobs-guest/jobs/api/jobPosting/4414630441
[2026-05-16 16:51:39] STATUS 200 | 391ms | https://www.linkedin.com/jobs-guest/jobs/api/jobPosting/4415078367
[2026-05-16 16:51:43] STATUS 200 | 1032ms | https://www.linkedin.com/jobs-guest/jobs/api/jobPosting/4415574691
[2026-05-16 16:51:46] STATUS 200 | 421ms | https://www.linkedin.com/jobs-guest/jobs/api/jobPosting/4415165434
[2026-05-16 16:51:50] STATUS 200 | 593ms | https://www.linkedin.com/jobs-guest/jobs/api/jobPosting/4135286088
[2026-05-16 16:51:53] STATUS 200 | 1671ms | https://www.linkedin.com/jobs-guest/jobs/api/seeMoreJobPostings/search?location=
[2026-05-16 16:51:54] INFO | Page 8 → 10 cards
[2026-05-16 16:51:57] STATUS 200 | 703ms | https://www.linkedin.com/jobs-guest/jobs/api/jobPosting/4415164358
[2026-05-16 16:52:01] STATUS 200 | 422ms | https://www.linkedin.com/jobs-guest/jobs/api/jobPosting/4415094366
[2026-05-16 16:52:04] STATUS 200 | 561ms | https://www.linkedin.com/jobs-guest/jobs/api/jobPosting/4415393801
[2026-05-16 16:52:08] STATUS 200 | 718ms | https://www.linkedin.com/jobs-guest/jobs/api/jobPosting/4415078383
[2026-05-16 16:52:12] STATUS 200 | 500ms | https://www.linkedin.com/jobs-guest/jobs/api/jobPosting/4415363075
[2026-05-16 16:52:15] STATUS 200 | 406ms | https://www.linkedin.com/jobs-guest/jobs/api/jobPosting/4415517954
[2026-05-16 16:52:19] STATUS 200 | 687ms | https://www.linkedin.com/jobs-guest/jobs/api/jobPosting/4415385445
[2026-05-16 16:52:23] STATUS 200 | 906ms | https://www.linkedin.com/jobs-guest/jobs/api/jobPosting/4415373419
[2026-05-16 16:52:26] STATUS 200 | 1078ms | https://www.linkedin.com/jobs-guest/jobs/api/seeMoreJobPostings/search?location=
[2026-05-16 16:52:26] INFO | Page 9 → 10 cards
[2026-05-16 16:52:29] STATUS 200 | 375ms | https://www.linkedin.com/jobs-guest/jobs/api/jobPosting/4415152217
[2026-05-16 16:52:33] STATUS 200 | 422ms | https://www.linkedin.com/jobs-guest/jobs/api/jobPosting/4415517124
[2026-05-16 16:52:36] STATUS 200 | 421ms | https://www.linkedin.com/jobs-guest/jobs/api/jobPosting/4397049516
[2026-05-16 16:52:40] STATUS 200 | 452ms | https://www.linkedin.com/jobs-guest/jobs/api/jobPosting/4415059557
[2026-05-16 16:52:43] STATUS 200 | 468ms | https://www.linkedin.com/jobs-guest/jobs/api/jobPosting/4415176002
[2026-05-16 16:52:47] STATUS 200 | 421ms | https://www.linkedin.com/jobs-guest/jobs/api/jobPosting/4415118975
[2026-05-16 16:52:50] STATUS 200 | 406ms | https://www.linkedin.com/jobs-guest/jobs/api/jobPosting/4412084256
[2026-05-16 16:52:54] STATUS 200 | 391ms | https://www.linkedin.com/jobs-guest/jobs/api/jobPosting/4415164281
[2026-05-16 16:52:57] STATUS 200 | 389ms | https://www.linkedin.com/jobs-guest/jobs/api/jobPosting/4415166373
[2026-05-16 16:53:01] STATUS 200 | 719ms | https://www.linkedin.com/jobs-guest/jobs/api/jobPosting/4415094511
[2026-05-16 16:53:03] STATUS 200 | 563ms | https://www.linkedin.com/jobs-guest/jobs/api/seeMoreJobPostings/search?location=
[2026-05-16 16:53:03] INFO | Page 10 → 10 cards
[2026-05-16 16:53:07] STATUS 200 | 390ms | https://www.linkedin.com/jobs-guest/jobs/api/jobPosting/4415056025
[2026-05-16 16:53:10] STATUS 200 | 406ms | https://www.linkedin.com/jobs-guest/jobs/api/jobPosting/4415371576
[2026-05-16 16:53:14] STATUS 200 | 407ms | https://www.linkedin.com/jobs-guest/jobs/api/jobPosting/4415365285
[2026-05-16 16:53:17] STATUS 200 | 421ms | https://www.linkedin.com/jobs-guest/jobs/api/jobPosting/4415159410
[2026-05-16 16:53:21] STATUS 200 | 437ms | https://www.linkedin.com/jobs-guest/jobs/api/jobPosting/4414128002
[2026-05-16 16:53:24] STATUS 200 | 406ms | https://www.linkedin.com/jobs-guest/jobs/api/jobPosting/4415154103
[2026-05-16 16:53:28] STATUS 200 | 1125ms | https://www.linkedin.com/jobs-guest/jobs/api/jobPosting/4412007386
[2026-05-16 16:53:32] STATUS 200 | 406ms | https://www.linkedin.com/jobs-guest/jobs/api/jobPosting/4415167363
[2026-05-16 16:53:35] STATUS 200 | 391ms | https://www.linkedin.com/jobs-guest/jobs/api/jobPosting/4412084510
[2026-05-16 16:53:39] STATUS 200 | 452ms | https://www.linkedin.com/jobs-guest/jobs/api/jobPosting/4412079157
[2026-05-16 16:53:41] STATUS 200 | 703ms | https://www.linkedin.com/jobs-guest/jobs/api/seeMoreJobPostings/search?location=
[2026-05-16 16:53:41] INFO | Page 11 → 10 cards
[2026-05-16 16:53:45] STATUS 200 | 468ms | https://www.linkedin.com/jobs-guest/jobs/api/jobPosting/4411239596
[2026-05-16 16:53:48] STATUS 200 | 687ms | https://www.linkedin.com/jobs-guest/jobs/api/jobPosting/4415067941
[2026-05-16 16:53:52] STATUS 200 | 407ms | https://www.linkedin.com/jobs-guest/jobs/api/jobPosting/4412080434
[2026-05-16 16:53:55] STATUS 200 | 389ms | https://www.linkedin.com/jobs-guest/jobs/api/jobPosting/4415394176
[2026-05-16 16:53:59] STATUS 200 | 625ms | https://www.linkedin.com/jobs-guest/jobs/api/jobPosting/4415133398
[2026-05-16 16:54:02] STATUS 200 | 406ms | https://www.linkedin.com/jobs-guest/jobs/api/jobPosting/4412077584
[2026-05-16 16:54:06] STATUS 200 | 391ms | https://www.linkedin.com/jobs-guest/jobs/api/jobPosting/4415854667
[2026-05-16 16:54:09] STATUS 200 | 406ms | https://www.linkedin.com/jobs-guest/jobs/api/jobPosting/4415163185
[2026-05-16 16:54:13] STATUS 200 | 422ms | https://www.linkedin.com/jobs-guest/jobs/api/jobPosting/4415086075
[2026-05-16 16:54:16] STATUS 200 | 390ms | https://www.linkedin.com/jobs-guest/jobs/api/jobPosting/4412089447
[2026-05-16 16:54:19] STATUS 200 | 592ms | https://www.linkedin.com/jobs-guest/jobs/api/seeMoreJobPostings/search?location=
[2026-05-16 16:54:19] INFO | Page 12 → 10 cards
[2026-05-16 16:54:22] STATUS 200 | 391ms | https://www.linkedin.com/jobs-guest/jobs/api/jobPosting/4415826165
[2026-05-16 16:54:26] STATUS 200 | 391ms | https://www.linkedin.com/jobs-guest/jobs/api/jobPosting/4412081675
[2026-05-16 16:54:29] STATUS 200 | 453ms | https://www.linkedin.com/jobs-guest/jobs/api/jobPosting/4415862565
[2026-05-16 16:54:33] STATUS 200 | 391ms | https://www.linkedin.com/jobs-guest/jobs/api/jobPosting/4415814921
[2026-05-16 16:54:36] STATUS 200 | 391ms | https://www.linkedin.com/jobs-guest/jobs/api/jobPosting/4412011252
[2026-05-16 16:54:40] STATUS 200 | 452ms | https://www.linkedin.com/jobs-guest/jobs/api/jobPosting/4415366119
[2026-05-16 16:54:43] STATUS 200 | 452ms | https://www.linkedin.com/jobs-guest/jobs/api/jobPosting/4412068800
[2026-05-16 16:54:47] STATUS 200 | 391ms | https://www.linkedin.com/jobs-guest/jobs/api/jobPosting/4412042163
[2026-05-16 16:54:50] STATUS 200 | 359ms | https://www.linkedin.com/jobs-guest/jobs/api/jobPosting/4415811957
[2026-05-16 16:54:53] STATUS 200 | 406ms | https://www.linkedin.com/jobs-guest/jobs/api/jobPosting/4415329696
[2026-05-16 16:54:56] STATUS 200 | 594ms | https://www.linkedin.com/jobs-guest/jobs/api/seeMoreJobPostings/search?location=
[2026-05-16 16:54:56] INFO | Page 13 → 10 cards
[2026-05-16 16:55:00] STATUS 200 | 422ms | https://www.linkedin.com/jobs-guest/jobs/api/jobPosting/4415329696
[2026-05-16 16:55:03] STATUS 200 | 422ms | https://www.linkedin.com/jobs-guest/jobs/api/jobPosting/4415364206
[2026-05-16 16:55:07] STATUS 200 | 452ms | https://www.linkedin.com/jobs-guest/jobs/api/jobPosting/4415381247
[2026-05-16 16:55:10] STATUS 200 | 436ms | https://www.linkedin.com/jobs-guest/jobs/api/jobPosting/4395337227
[2026-05-16 16:55:14] STATUS 200 | 687ms | https://www.linkedin.com/jobs-guest/jobs/api/jobPosting/4415548129
[2026-05-16 16:55:17] STATUS 200 | 389ms | https://www.linkedin.com/jobs-guest/jobs/api/jobPosting/4415163193
[2026-05-16 16:55:21] STATUS 200 | 390ms | https://www.linkedin.com/jobs-guest/jobs/api/jobPosting/4415525368
[2026-05-16 16:55:24] STATUS 200 | 422ms | https://www.linkedin.com/jobs-guest/jobs/api/jobPosting/4412006672
[2026-05-16 16:55:28] STATUS 200 | 656ms | https://www.linkedin.com/jobs-guest/jobs/api/jobPosting/4405082845
[2026-05-16 16:55:31] STATUS 200 | 452ms | https://www.linkedin.com/jobs-guest/jobs/api/jobPosting/4412053214
[2026-05-16 16:55:34] STATUS 200 | 609ms | https://www.linkedin.com/jobs-guest/jobs/api/seeMoreJobPostings/search?location=
[2026-05-16 16:55:34] INFO | Page 14 → 10 cards
[2026-05-16 16:55:38] STATUS 200 | 641ms | https://www.linkedin.com/jobs-guest/jobs/api/jobPosting/4393852742
[2026-05-16 16:55:41] STATUS 200 | 375ms | https://www.linkedin.com/jobs-guest/jobs/api/jobPosting/4412023669
[2026-05-16 16:55:45] STATUS 200 | 703ms | https://www.linkedin.com/jobs-guest/jobs/api/jobPosting/4415596144
[2026-05-16 16:55:48] STATUS 200 | 422ms | https://www.linkedin.com/jobs-guest/jobs/api/jobPosting/4415141234
[2026-05-16 16:55:52] STATUS 200 | 406ms | https://www.linkedin.com/jobs-guest/jobs/api/jobPosting/4412036693
[2026-05-16 16:55:55] STATUS 200 | 625ms | https://www.linkedin.com/jobs-guest/jobs/api/jobPosting/4415134091
[2026-05-16 16:55:59] STATUS 200 | 405ms | https://www.linkedin.com/jobs-guest/jobs/api/jobPosting/4415514942
[2026-05-16 16:56:02] STATUS 200 | 391ms | https://www.linkedin.com/jobs-guest/jobs/api/jobPosting/4415364441
[2026-05-16 16:56:06] STATUS 200 | 391ms | https://www.linkedin.com/jobs-guest/jobs/api/jobPosting/4406168511
[2026-05-16 16:56:09] STATUS 200 | 421ms | https://www.linkedin.com/jobs-guest/jobs/api/jobPosting/4415357639
[2026-05-16 16:56:12] STATUS 200 | 577ms | https://www.linkedin.com/jobs-guest/jobs/api/seeMoreJobPostings/search?location=
[2026-05-16 16:56:12] INFO | Page 15 → 10 cards
[2026-05-16 16:56:15] STATUS 200 | 391ms | https://www.linkedin.com/jobs-guest/jobs/api/jobPosting/4415357639
[2026-05-16 16:56:19] STATUS 200 | 687ms | https://www.linkedin.com/jobs-guest/jobs/api/jobPosting/4415370335
[2026-05-16 16:56:23] STATUS 200 | 421ms | https://www.linkedin.com/jobs-guest/jobs/api/jobPosting/4415513996
[2026-05-16 16:56:26] STATUS 200 | 406ms | https://www.linkedin.com/jobs-guest/jobs/api/jobPosting/4415154105
[2026-05-16 16:56:29] STATUS 200 | 453ms | https://www.linkedin.com/jobs-guest/jobs/api/jobPosting/4412078830
[2026-05-16 16:56:33] STATUS 200 | 453ms | https://www.linkedin.com/jobs-guest/jobs/api/jobPosting/4411586125
[2026-05-16 16:56:36] STATUS 200 | 406ms | https://www.linkedin.com/jobs-guest/jobs/api/jobPosting/4415368332
[2026-05-16 16:56:40] STATUS 200 | 421ms | https://www.linkedin.com/jobs-guest/jobs/api/jobPosting/4415811980
[2026-05-16 16:56:44] STATUS 200 | 1156ms | https://www.linkedin.com/jobs-guest/jobs/api/jobPosting/4415082139
[2026-05-16 16:56:48] STATUS 200 | 406ms | https://www.linkedin.com/jobs-guest/jobs/api/jobPosting/4415815863
[2026-05-16 16:56:50] STATUS 200 | 547ms | https://www.linkedin.com/jobs-guest/jobs/api/seeMoreJobPostings/search?location=
[2026-05-16 16:56:50] INFO | Page 16 → 10 cards
[2026-05-16 16:56:54] STATUS 200 | 391ms | https://www.linkedin.com/jobs-guest/jobs/api/jobPosting/4415815863
[2026-05-16 16:56:57] STATUS 200 | 389ms | https://www.linkedin.com/jobs-guest/jobs/api/jobPosting/4415067944
[2026-05-16 16:57:00] STATUS 200 | 422ms | https://www.linkedin.com/jobs-guest/jobs/api/jobPosting/4412064038
[2026-05-16 16:57:04] STATUS 200 | 391ms | https://www.linkedin.com/jobs-guest/jobs/api/jobPosting/4415856617
[2026-05-16 16:57:07] STATUS 200 | 453ms | https://www.linkedin.com/jobs-guest/jobs/api/jobPosting/4412064007
[2026-05-16 16:57:11] STATUS 200 | 407ms | https://www.linkedin.com/jobs-guest/jobs/api/jobPosting/4412014252
[2026-05-16 16:57:14] STATUS 200 | 406ms | https://www.linkedin.com/jobs-guest/jobs/api/jobPosting/4415109346
[2026-05-16 16:57:18] STATUS 200 | 375ms | https://www.linkedin.com/jobs-guest/jobs/api/jobPosting/4415145756
[2026-05-16 16:57:21] STATUS 200 | 656ms | https://www.linkedin.com/jobs-guest/jobs/api/jobPosting/4412009028
[2026-05-16 16:57:25] STATUS 200 | 421ms | https://www.linkedin.com/jobs-guest/jobs/api/jobPosting/4415356685
[2026-05-16 16:57:27] STATUS 200 | 563ms | https://www.linkedin.com/jobs-guest/jobs/api/seeMoreJobPostings/search?location=
[2026-05-16 16:57:27] INFO | Page 17 → 9 cards
[2026-05-16 16:57:31] STATUS 200 | 421ms | https://www.linkedin.com/jobs-guest/jobs/api/jobPosting/4412089286
[2026-05-16 16:57:34] STATUS 200 | 375ms | https://www.linkedin.com/jobs-guest/jobs/api/jobPosting/4406173697
[2026-05-16 16:57:38] STATUS 200 | 407ms | https://www.linkedin.com/jobs-guest/jobs/api/jobPosting/4412035548
[2026-05-16 16:57:41] STATUS 200 | 406ms | https://www.linkedin.com/jobs-guest/jobs/api/jobPosting/4415577717
[2026-05-16 16:57:45] STATUS 200 | 391ms | https://www.linkedin.com/jobs-guest/jobs/api/jobPosting/4415504028
[2026-05-16 16:57:48] STATUS 200 | 421ms | https://www.linkedin.com/jobs-guest/jobs/api/jobPosting/4415309977
[2026-05-16 16:57:52] STATUS 200 | 437ms | https://www.linkedin.com/jobs-guest/jobs/api/jobPosting/4412045099
[2026-05-16 16:57:55] STATUS 200 | 406ms | https://www.linkedin.com/jobs-guest/jobs/api/jobPosting/4393631523
[2026-05-16 16:57:59] STATUS 200 | 437ms | https://www.linkedin.com/jobs-guest/jobs/api/jobPosting/4412028171
[2026-05-16 16:58:01] STATUS 200 | 625ms | https://www.linkedin.com/jobs-guest/jobs/api/seeMoreJobPostings/search?location=
[2026-05-16 16:58:01] INFO | Page 18 → 10 cards
[2026-05-16 16:58:05] STATUS 200 | 422ms | https://www.linkedin.com/jobs-guest/jobs/api/jobPosting/4412028171
[2026-05-16 16:58:08] STATUS 200 | 421ms | https://www.linkedin.com/jobs-guest/jobs/api/jobPosting/4412019224
[2026-05-16 16:58:12] STATUS 200 | 421ms | https://www.linkedin.com/jobs-guest/jobs/api/jobPosting/4412027084
[2026-05-16 16:58:15] STATUS 200 | 422ms | https://www.linkedin.com/jobs-guest/jobs/api/jobPosting/4415376825
[2026-05-16 16:58:19] STATUS 200 | 437ms | https://www.linkedin.com/jobs-guest/jobs/api/jobPosting/4412077041
[2026-05-16 16:58:22] STATUS 200 | 389ms | https://www.linkedin.com/jobs-guest/jobs/api/jobPosting/4330642872
[2026-05-16 16:58:25] STATUS 200 | 406ms | https://www.linkedin.com/jobs-guest/jobs/api/jobPosting/4415369316
[2026-05-16 16:58:29] STATUS 200 | 389ms | https://www.linkedin.com/jobs-guest/jobs/api/jobPosting/4415505152
[2026-05-16 16:58:32] STATUS 200 | 422ms | https://www.linkedin.com/jobs-guest/jobs/api/jobPosting/4412027584
[2026-05-16 16:58:36] STATUS 200 | 389ms | https://www.linkedin.com/jobs-guest/jobs/api/jobPosting/4412015037
[2026-05-16 16:58:38] STATUS 200 | 688ms | https://www.linkedin.com/jobs-guest/jobs/api/seeMoreJobPostings/search?location=
[2026-05-16 16:58:38] INFO | Page 19 → 8 cards
[2026-05-16 16:58:42] STATUS 200 | 421ms | https://www.linkedin.com/jobs-guest/jobs/api/jobPosting/4415050142
[2026-05-16 16:58:45] STATUS 200 | 436ms | https://www.linkedin.com/jobs-guest/jobs/api/jobPosting/4415086071
[2026-05-16 16:58:49] STATUS 200 | 406ms | https://www.linkedin.com/jobs-guest/jobs/api/jobPosting/4415357640
[2026-05-16 16:58:52] STATUS 200 | 437ms | https://www.linkedin.com/jobs-guest/jobs/api/jobPosting/4412028885
[2026-05-16 16:58:56] STATUS 200 | 390ms | https://www.linkedin.com/jobs-guest/jobs/api/jobPosting/4343617741
[2026-05-16 16:58:59] STATUS 200 | 500ms | https://www.linkedin.com/jobs-guest/jobs/api/jobPosting/4412046392
[2026-05-16 16:59:03] STATUS 200 | 750ms | https://www.linkedin.com/jobs-guest/jobs/api/jobPosting/4412016217
[2026-05-16 16:59:07] STATUS 200 | 405ms | https://www.linkedin.com/jobs-guest/jobs/api/jobPosting/4412095063
[2026-05-16 16:59:09] STATUS 200 | 562ms | https://www.linkedin.com/jobs-guest/jobs/api/seeMoreJobPostings/search?location=
[2026-05-16 16:59:09] INFO | Page 20 → 10 cards
[2026-05-16 16:59:13] STATUS 200 | 391ms | https://www.linkedin.com/jobs-guest/jobs/api/jobPosting/4415082379
[2026-05-16 16:59:16] STATUS 200 | 437ms | https://www.linkedin.com/jobs-guest/jobs/api/jobPosting/4384172087
[2026-05-16 16:59:20] STATUS 200 | 467ms | https://www.linkedin.com/jobs-guest/jobs/api/jobPosting/4411588953
[2026-05-16 16:59:23] STATUS 200 | 437ms | https://www.linkedin.com/jobs-guest/jobs/api/jobPosting/4412025718
[2026-05-16 16:59:27] STATUS 200 | 1108ms | https://www.linkedin.com/jobs-guest/jobs/api/jobPosting/4415161219
[2026-05-16 16:59:31] STATUS 200 | 468ms | https://www.linkedin.com/jobs-guest/jobs/api/jobPosting/4412070726
[2026-05-16 16:59:34] STATUS 200 | 468ms | https://www.linkedin.com/jobs-guest/jobs/api/jobPosting/4412080743
[2026-05-16 16:59:40] STATUS 200 | 2610ms | https://www.linkedin.com/jobs-guest/jobs/api/jobPosting/4412091036
[2026-05-16 16:59:43] STATUS 200 | 452ms | https://www.linkedin.com/jobs-guest/jobs/api/jobPosting/3924963429
[2026-05-16 16:59:47] STATUS 200 | 389ms | https://www.linkedin.com/jobs-guest/jobs/api/jobPosting/4415170083
[2026-05-16 16:59:49] STATUS 200 | 625ms | https://www.linkedin.com/jobs-guest/jobs/api/seeMoreJobPostings/search?location=
[2026-05-16 16:59:49] INFO | Page 21 → 10 cards
[2026-05-16 16:59:53] STATUS 200 | 875ms | https://www.linkedin.com/jobs-guest/jobs/api/jobPosting/4412010014
[2026-05-16 16:59:57] STATUS 200 | 467ms | https://www.linkedin.com/jobs-guest/jobs/api/jobPosting/4412085802
[2026-05-16 17:00:00] STATUS 200 | 516ms | https://www.linkedin.com/jobs-guest/jobs/api/jobPosting/4412036181
[2026-05-16 17:00:04] STATUS 200 | 406ms | https://www.linkedin.com/jobs-guest/jobs/api/jobPosting/4411358928
[2026-05-16 17:00:07] STATUS 200 | 485ms | https://www.linkedin.com/jobs-guest/jobs/api/jobPosting/4405046177
[2026-05-16 17:00:11] STATUS 200 | 657ms | https://www.linkedin.com/jobs-guest/jobs/api/jobPosting/4415084104
[2026-05-16 17:00:14] STATUS 200 | 421ms | https://www.linkedin.com/jobs-guest/jobs/api/jobPosting/4415081163
[2026-05-16 17:00:18] STATUS 200 | 437ms | https://www.linkedin.com/jobs-guest/jobs/api/jobPosting/4415072581
[2026-05-16 17:00:21] STATUS 200 | 437ms | https://www.linkedin.com/jobs-guest/jobs/api/jobPosting/4411596783
[2026-05-16 17:00:25] STATUS 200 | 421ms | https://www.linkedin.com/jobs-guest/jobs/api/jobPosting/4412057971
[2026-05-16 17:00:27] STATUS 200 | 608ms | https://www.linkedin.com/jobs-guest/jobs/api/seeMoreJobPostings/search?location=
[2026-05-16 17:00:27] INFO | Page 22 → 9 cards
[2026-05-16 17:00:31] STATUS 200 | 453ms | https://www.linkedin.com/jobs-guest/jobs/api/jobPosting/4412030540
[2026-05-16 17:00:31] INFO | Script B starting (TEST MODE) — 2026-05-16T17:00:31.262260
[2026-05-16 17:00:31] INFO | Time filter: last 24 hours (f_TPR=r86400)
[2026-05-16 17:00:31] INFO | TEST_MODE=True — main files will NOT be modified
[2026-05-16 17:00:31] INFO | Results will be written to C:\Users\waqas\Downloads\fyp-career-guidance\fyp-career-guidance\backend\data\linkedin_daily_temp.json
[2026-05-16 17:00:31] INFO | Loaded existing data — 1016 jobs in database
[2026-05-16 17:00:31] INFO | Starting daily main pass (f_TPR=r86400)
[2026-05-16 17:00:31] INFO | Daily main pass starting (f_TPR=r86400)
[2026-05-16 17:00:34] STATUS 200 | 438ms | https://www.linkedin.com/jobs-guest/jobs/api/jobPosting/4412023178
[2026-05-16 17:00:34] STATUS 200 | 1687ms | https://www.linkedin.com/jobs-guest/jobs/api/seeMoreJobPostings/search?location=
[2026-05-16 17:00:34] INFO | Page 0 → 10 cards
[2026-05-16 17:00:38] STATUS 200 | 655ms | https://www.linkedin.com/jobs-guest/jobs/api/jobPosting/4415078366
[2026-05-16 17:00:38] STATUS 200 | 421ms | https://www.linkedin.com/jobs-guest/jobs/api/jobPosting/4415512361
[2026-05-16 17:00:41] STATUS 200 | 312ms | https://www.linkedin.com/jobs-guest/jobs/api/jobPosting/4415165381
[2026-05-16 17:00:41] STATUS 200 | 406ms | https://www.linkedin.com/jobs-guest/jobs/api/jobPosting/4412005687
[2026-05-16 17:00:45] STATUS 200 | 328ms | https://www.linkedin.com/jobs-guest/jobs/api/jobPosting/4412084457
[2026-05-16 17:00:45] STATUS 200 | 702ms | https://www.linkedin.com/jobs-guest/jobs/api/jobPosting/4412076388
[2026-05-16 17:00:47] STATUS 200 | 530ms | https://www.linkedin.com/jobs-guest/jobs/api/seeMoreJobPostings/search?location=
[2026-05-16 17:00:47] INFO | Page 1 → 10 cards
[2026-05-16 17:00:48] STATUS 200 | 389ms | https://www.linkedin.com/jobs-guest/jobs/api/jobPosting/4412023750
[2026-05-16 17:00:50] STATUS 200 | 312ms | https://www.linkedin.com/jobs-guest/jobs/api/jobPosting/4415163343
[2026-05-16 17:00:52] STATUS 200 | 390ms | https://www.linkedin.com/jobs-guest/jobs/api/jobPosting/4356606996
[2026-05-16 17:00:54] STATUS 200 | 327ms | https://www.linkedin.com/jobs-guest/jobs/api/jobPosting/4415595190
[2026-05-16 17:00:55] STATUS 200 | 375ms | https://www.linkedin.com/jobs-guest/jobs/api/jobPosting/4415519843
[2026-05-16 17:00:57] STATUS 200 | 327ms | https://www.linkedin.com/jobs-guest/jobs/api/jobPosting/4415168294
[2026-05-16 17:00:59] STATUS 200 | 406ms | https://www.linkedin.com/jobs-guest/jobs/api/jobPosting/4412027590
[2026-05-16 17:01:00] STATUS 200 | 342ms | https://www.linkedin.com/jobs-guest/jobs/api/jobPosting/4412074672
[2026-05-16 17:01:02] STATUS 200 | 875ms | https://www.linkedin.com/jobs-guest/jobs/api/seeMoreJobPostings/search?location=
[2026-05-16 17:01:02] INFO | Page 23 → 10 cards
[2026-05-16 17:01:04] STATUS 200 | 312ms | https://www.linkedin.com/jobs-guest/jobs/api/jobPosting/4415168307
[2026-05-16 17:01:05] STATUS 200 | 422ms | https://www.linkedin.com/jobs-guest/jobs/api/jobPosting/4412027590
[2026-05-16 17:01:07] STATUS 200 | 343ms | https://www.linkedin.com/jobs-guest/jobs/api/jobPosting/4415161355
[2026-05-16 17:01:08] STATUS 200 | 406ms | https://www.linkedin.com/jobs-guest/jobs/api/jobPosting/4412087185
[2026-05-16 17:01:10] STATUS 200 | 608ms | https://www.linkedin.com/jobs-guest/jobs/api/seeMoreJobPostings/search?location=
[2026-05-16 17:01:10] INFO | Page 2 → 10 cards
[2026-05-16 17:01:12] STATUS 200 | 405ms | https://www.linkedin.com/jobs-guest/jobs/api/jobPosting/4412037294
[2026-05-16 17:01:13] STATUS 200 | 343ms | https://www.linkedin.com/jobs-guest/jobs/api/jobPosting/4415504612
[2026-05-16 17:01:15] STATUS 200 | 391ms | https://www.linkedin.com/jobs-guest/jobs/api/jobPosting/4412056186
[2026-05-16 17:01:17] STATUS 200 | 358ms | https://www.linkedin.com/jobs-guest/jobs/api/jobPosting/4094858694
[2026-05-16 17:01:19] STATUS 200 | 406ms | https://www.linkedin.com/jobs-guest/jobs/api/jobPosting/4412063486
[2026-05-16 17:01:20] STATUS 200 | 311ms | https://www.linkedin.com/jobs-guest/jobs/api/jobPosting/4415162313
[2026-05-16 17:01:22] STATUS 200 | 405ms | https://www.linkedin.com/jobs-guest/jobs/api/jobPosting/4412007885
[2026-05-16 17:01:23] STATUS 200 | 500ms | https://www.linkedin.com/jobs-guest/jobs/api/jobPosting/4415117942
[2026-05-16 17:01:26] STATUS 200 | 625ms | https://www.linkedin.com/jobs-guest/jobs/api/jobPosting/4415166167
[2026-05-16 17:01:27] STATUS 200 | 328ms | https://www.linkedin.com/jobs-guest/jobs/api/jobPosting/4415164344
[2026-05-16 17:01:29] STATUS 200 | 406ms | https://www.linkedin.com/jobs-guest/jobs/api/jobPosting/4374162874
[2026-05-16 17:01:30] STATUS 200 | 343ms | https://www.linkedin.com/jobs-guest/jobs/api/jobPosting/4415511373
[2026-05-16 17:01:33] STATUS 200 | 391ms | https://www.linkedin.com/jobs-guest/jobs/api/jobPosting/4412022855
[2026-05-16 17:01:34] STATUS 200 | 342ms | https://www.linkedin.com/jobs-guest/jobs/api/jobPosting/4415847397
[2026-05-16 17:01:36] STATUS 200 | 406ms | https://www.linkedin.com/jobs-guest/jobs/api/jobPosting/4412042098
[2026-05-16 17:01:36] STATUS 200 | 577ms | https://www.linkedin.com/jobs-guest/jobs/api/seeMoreJobPostings/search?location=
[2026-05-16 17:01:36] INFO | Page 3 → 10 cards
[2026-05-16 17:01:39] STATUS 200 | 593ms | https://www.linkedin.com/jobs-guest/jobs/api/seeMoreJobPostings/search?location=
[2026-05-16 17:01:39] INFO | Page 24 → 9 cards
[2026-05-16 17:01:40] STATUS 200 | 312ms | https://www.linkedin.com/jobs-guest/jobs/api/jobPosting/4415150733
[2026-05-16 17:01:42] STATUS 200 | 421ms | https://www.linkedin.com/jobs-guest/jobs/api/jobPosting/4412022855
[2026-05-16 17:01:43] STATUS 200 | 358ms | https://www.linkedin.com/jobs-guest/jobs/api/jobPosting/4415849635
[2026-05-16 17:01:46] STATUS 200 | 375ms | https://www.linkedin.com/jobs-guest/jobs/api/jobPosting/4412042098
[2026-05-16 17:01:47] STATUS 200 | 485ms | https://www.linkedin.com/jobs-guest/jobs/api/jobPosting/4415864328
[2026-05-16 17:01:49] STATUS 200 | 703ms | https://www.linkedin.com/jobs-guest/jobs/api/jobPosting/4412060173
[2026-05-16 17:01:50] STATUS 200 | 327ms | https://www.linkedin.com/jobs-guest/jobs/api/jobPosting/4415162308
[2026-05-16 17:01:53] STATUS 200 | 375ms | https://www.linkedin.com/jobs-guest/jobs/api/jobPosting/4412000731
[2026-05-16 17:01:53] STATUS 200 | 343ms | https://www.linkedin.com/jobs-guest/jobs/api/jobPosting/4415151736
[2026-05-16 17:01:56] STATUS 200 | 391ms | https://www.linkedin.com/jobs-guest/jobs/api/jobPosting/4412086526
[2026-05-16 17:01:57] STATUS 200 | 328ms | https://www.linkedin.com/jobs-guest/jobs/api/jobPosting/4415158474
[2026-05-16 17:02:00] STATUS 200 | 389ms | https://www.linkedin.com/jobs-guest/jobs/api/jobPosting/4412078335
[2026-05-16 17:02:00] STATUS 200 | 328ms | https://www.linkedin.com/jobs-guest/jobs/api/jobPosting/4415162364
[2026-05-16 17:02:03] STATUS 200 | 500ms | https://www.linkedin.com/jobs-guest/jobs/api/jobPosting/4412077595
[2026-05-16 17:02:03] STATUS 200 | 405ms | https://www.linkedin.com/jobs-guest/jobs/api/jobPosting/4412085274
[2026-05-16 17:02:06] STATUS 200 | 531ms | https://www.linkedin.com/jobs-guest/jobs/api/seeMoreJobPostings/search?location=
[2026-05-16 17:02:06] INFO | Page 4 → 10 cards
[2026-05-16 17:02:07] STATUS 200 | 391ms | https://www.linkedin.com/jobs-guest/jobs/api/jobPosting/4415399207
[2026-05-16 17:02:09] STATUS 200 | 421ms | https://www.linkedin.com/jobs-guest/jobs/api/jobPosting/4415169251
[2026-05-16 17:02:10] STATUS 200 | 750ms | https://www.linkedin.com/jobs-guest/jobs/api/jobPosting/4412033085
[2026-05-16 17:02:13] STATUS 200 | 328ms | https://www.linkedin.com/jobs-guest/jobs/api/jobPosting/4415171176
[2026-05-16 17:02:13] STATUS 200 | 625ms | https://www.linkedin.com/jobs-guest/jobs/api/seeMoreJobPostings/search?location=
[2026-05-16 17:02:13] INFO | Page 25 → 9 cards
[2026-05-16 17:02:16] STATUS 200 | 500ms | https://www.linkedin.com/jobs-guest/jobs/api/jobPosting/4415565809
[2026-05-16 17:02:17] STATUS 200 | 718ms | https://www.linkedin.com/jobs-guest/jobs/api/jobPosting/4412076569
[2026-05-16 17:02:20] STATUS 200 | 360ms | https://www.linkedin.com/jobs-guest/jobs/api/jobPosting/4415153647
[2026-05-16 17:02:21] STATUS 200 | 1108ms | https://www.linkedin.com/jobs-guest/jobs/api/jobPosting/4412016594
[2026-05-16 17:02:23] STATUS 200 | 343ms | https://www.linkedin.com/jobs-guest/jobs/api/jobPosting/4415158541
[2026-05-16 17:02:24] STATUS 200 | 453ms | https://www.linkedin.com/jobs-guest/jobs/api/jobPosting/4412073407
[2026-05-16 17:02:26] STATUS 200 | 311ms | https://www.linkedin.com/jobs-guest/jobs/api/jobPosting/4415171232
[2026-05-16 17:02:28] STATUS 200 | 437ms | https://www.linkedin.com/jobs-guest/jobs/api/jobPosting/4412078242
[2026-05-16 17:02:30] STATUS 200 | 296ms | https://www.linkedin.com/jobs-guest/jobs/api/jobPosting/4415171220
[2026-05-16 17:02:31] STATUS 200 | 389ms | https://www.linkedin.com/jobs-guest/jobs/api/jobPosting/4412074248
[2026-05-16 17:02:32] STATUS 200 | 578ms | https://www.linkedin.com/jobs-guest/jobs/api/seeMoreJobPostings/search?location=
[2026-05-16 17:02:32] INFO | Page 5 → 10 cards
[2026-05-16 17:02:35] STATUS 200 | 391ms | https://www.linkedin.com/jobs-guest/jobs/api/jobPosting/4412018056
[2026-05-16 17:02:36] STATUS 200 | 343ms | https://www.linkedin.com/jobs-guest/jobs/api/jobPosting/4415183056
[2026-05-16 17:02:39] STATUS 200 | 1093ms | https://www.linkedin.com/jobs-guest/jobs/api/jobPosting/4405690407
[2026-05-16 17:02:39] STATUS 200 | 327ms | https://www.linkedin.com/jobs-guest/jobs/api/jobPosting/4415168366
[2026-05-16 17:02:42] STATUS 200 | 407ms | https://www.linkedin.com/jobs-guest/jobs/api/jobPosting/4412020624
[2026-05-16 17:02:42] STATUS 200 | 328ms | https://www.linkedin.com/jobs-guest/jobs/api/jobPosting/4384836014
[2026-05-16 17:02:46] STATUS 200 | 437ms | https://www.linkedin.com/jobs-guest/jobs/api/jobPosting/4412088406
[2026-05-16 17:02:46] STATUS 200 | 375ms | https://www.linkedin.com/jobs-guest/jobs/api/jobPosting/4415393034
[2026-05-16 17:02:48] STATUS 200 | 610ms | https://www.linkedin.com/jobs-guest/jobs/api/seeMoreJobPostings/search?location=
[2026-05-16 17:02:48] INFO | Page 26 → 10 cards
[2026-05-16 17:02:49] STATUS 200 | 343ms | https://www.linkedin.com/jobs-guest/jobs/api/jobPosting/4415530179
[2026-05-16 17:02:52] STATUS 200 | 421ms | https://www.linkedin.com/jobs-guest/jobs/api/jobPosting/4412088454
[2026-05-16 17:02:53] STATUS 200 | 360ms | https://www.linkedin.com/jobs-guest/jobs/api/jobPosting/4415154444
[2026-05-16 17:02:55] STATUS 200 | 375ms | https://www.linkedin.com/jobs-guest/jobs/api/jobPosting/4414238411
[2026-05-16 17:02:56] STATUS 200 | 781ms | https://www.linkedin.com/jobs-guest/jobs/api/jobPosting/4415161325
[2026-05-16 17:02:59] STATUS 200 | 405ms | https://www.linkedin.com/jobs-guest/jobs/api/jobPosting/4412029590
[2026-05-16 17:03:00] STATUS 200 | 358ms | https://www.linkedin.com/jobs-guest/jobs/api/jobPosting/4412016063
[2026-05-16 17:03:02] STATUS 200 | 687ms | https://www.linkedin.com/jobs-guest/jobs/api/jobPosting/4390881460
[2026-05-16 17:03:03] STATUS 200 | 327ms | https://www.linkedin.com/jobs-guest/jobs/api/jobPosting/4415154509
[2026-05-16 17:03:06] STATUS 200 | 577ms | https://www.linkedin.com/jobs-guest/jobs/api/seeMoreJobPostings/search?location=
[2026-05-16 17:03:06] INFO | Page 6 → 10 cards
[2026-05-16 17:03:06] STATUS 200 | 687ms | https://www.linkedin.com/jobs-guest/jobs/api/jobPosting/4415536837
[2026-05-16 17:03:09] STATUS 200 | 312ms | https://www.linkedin.com/jobs-guest/jobs/api/jobPosting/4415154458
[2026-05-16 17:03:10] STATUS 200 | 453ms | https://www.linkedin.com/jobs-guest/jobs/api/jobPosting/4412025809
[2026-05-16 17:03:13] STATUS 200 | 328ms | https://www.linkedin.com/jobs-guest/jobs/api/jobPosting/4415166375
[2026-05-16 17:03:13] STATUS 200 | 422ms | https://www.linkedin.com/jobs-guest/jobs/api/jobPosting/4412045574
[2026-05-16 17:03:16] STATUS 200 | 438ms | https://www.linkedin.com/jobs-guest/jobs/api/jobPosting/4415850481
[2026-05-16 17:03:17] STATUS 200 | 452ms | https://www.linkedin.com/jobs-guest/jobs/api/jobPosting/4412085080
[2026-05-16 17:03:19] STATUS 200 | 328ms | https://www.linkedin.com/jobs-guest/jobs/api/jobPosting/4415151698
[2026-05-16 17:03:20] STATUS 200 | 405ms | https://www.linkedin.com/jobs-guest/jobs/api/jobPosting/4415862539
[2026-05-16 17:03:23] STATUS 200 | 344ms | https://www.linkedin.com/jobs-guest/jobs/api/jobPosting/4415844025
[2026-05-16 17:03:24] STATUS 200 | 500ms | https://www.linkedin.com/jobs-guest/jobs/api/jobPosting/4415560570
[2026-05-16 17:03:26] STATUS 200 | 593ms | https://www.linkedin.com/jobs-guest/jobs/api/seeMoreJobPostings/search?location=
[2026-05-16 17:03:26] INFO | Page 27 → 10 cards
[2026-05-16 17:03:26] STATUS 200 | 328ms | https://www.linkedin.com/jobs-guest/jobs/api/jobPosting/4412084466
[2026-05-16 17:03:30] STATUS 200 | 344ms | https://www.linkedin.com/jobs-guest/jobs/api/jobPosting/4415158537
[2026-05-16 17:03:30] STATUS 200 | 718ms | https://www.linkedin.com/jobs-guest/jobs/api/jobPosting/4412073569
[2026-05-16 17:03:33] STATUS 200 | 375ms | https://www.linkedin.com/jobs-guest/jobs/api/jobPosting/4415157429
[2026-05-16 17:03:33] STATUS 200 | 452ms | https://www.linkedin.com/jobs-guest/jobs/api/jobPosting/4412015355
[2026-05-16 17:03:36] STATUS 200 | 327ms | https://www.linkedin.com/jobs-guest/jobs/api/jobPosting/4415846033
[2026-05-16 17:03:37] STATUS 200 | 421ms | https://www.linkedin.com/jobs-guest/jobs/api/jobPosting/4415148863
[2026-05-16 17:03:40] STATUS 200 | 375ms | https://www.linkedin.com/jobs-guest/jobs/api/jobPosting/4410634620
[2026-05-16 17:03:40] STATUS 200 | 437ms | https://www.linkedin.com/jobs-guest/jobs/api/jobPosting/4415072939
[2026-05-16 17:03:42] STATUS 200 | 547ms | https://www.linkedin.com/jobs-guest/jobs/api/seeMoreJobPostings/search?location=
[2026-05-16 17:03:42] INFO | Page 7 → 10 cards
[2026-05-16 17:03:44] STATUS 200 | 406ms | https://www.linkedin.com/jobs-guest/jobs/api/jobPosting/4412005480
[2026-05-16 17:03:46] STATUS 200 | 327ms | https://www.linkedin.com/jobs-guest/jobs/api/jobPosting/4415080187
[2026-05-16 17:03:47] STATUS 200 | 437ms | https://www.linkedin.com/jobs-guest/jobs/api/jobPosting/4412090334
[2026-05-16 17:03:49] STATUS 200 | 311ms | https://www.linkedin.com/jobs-guest/jobs/api/jobPosting/4414221839
[2026-05-16 17:03:51] STATUS 200 | 672ms | https://www.linkedin.com/jobs-guest/jobs/api/jobPosting/4415076792
[2026-05-16 17:03:52] STATUS 200 | 327ms | https://www.linkedin.com/jobs-guest/jobs/api/jobPosting/4415091008
[2026-05-16 17:03:55] STATUS 200 | 686ms | https://www.linkedin.com/jobs-guest/jobs/api/jobPosting/4412002555
[2026-05-16 17:03:56] STATUS 200 | 312ms | https://www.linkedin.com/jobs-guest/jobs/api/jobPosting/4412040685
[2026-05-16 17:03:58] STATUS 200 | 421ms | https://www.linkedin.com/jobs-guest/jobs/api/jobPosting/4412021841
[2026-05-16 17:03:59] STATUS 200 | 328ms | https://www.linkedin.com/jobs-guest/jobs/api/jobPosting/4415373604
[2026-05-16 17:04:02] STATUS 200 | 406ms | https://www.linkedin.com/jobs-guest/jobs/api/jobPosting/4412083762
[2026-05-16 17:04:03] STATUS 200 | 328ms | https://www.linkedin.com/jobs-guest/jobs/api/jobPosting/4412008212
[2026-05-16 17:04:04] STATUS 200 | 593ms | https://www.linkedin.com/jobs-guest/jobs/api/seeMoreJobPostings/search?location=
[2026-05-16 17:04:04] INFO | Page 28 → 10 cards
[2026-05-16 17:04:06] STATUS 200 | 343ms | https://www.linkedin.com/jobs-guest/jobs/api/jobPosting/4415080660
[2026-05-16 17:04:08] STATUS 200 | 391ms | https://www.linkedin.com/jobs-guest/jobs/api/jobPosting/4412083762
[2026-05-16 17:04:09] STATUS 200 | 342ms | https://www.linkedin.com/jobs-guest/jobs/api/jobPosting/4414630441
[2026-05-16 17:04:11] STATUS 200 | 453ms | https://www.linkedin.com/jobs-guest/jobs/api/jobPosting/4415060810
[2026-05-16 17:04:13] STATUS 200 | 343ms | https://www.linkedin.com/jobs-guest/jobs/api/jobPosting/4415078367
[2026-05-16 17:04:15] STATUS 200 | 437ms | https://www.linkedin.com/jobs-guest/jobs/api/jobPosting/4415577800
[2026-05-16 17:04:16] STATUS 200 | 328ms | https://www.linkedin.com/jobs-guest/jobs/api/jobPosting/4415574691
[2026-05-16 17:04:19] STATUS 200 | 562ms | https://www.linkedin.com/jobs-guest/jobs/api/seeMoreJobPostings/search?location=
[2026-05-16 17:04:19] INFO | Page 8 → 10 cards
[2026-05-16 17:04:19] STATUS 200 | 1186ms | https://www.linkedin.com/jobs-guest/jobs/api/jobPosting/4414238409
[2026-05-16 17:04:22] STATUS 200 | 312ms | https://www.linkedin.com/jobs-guest/jobs/api/jobPosting/4415165434
[2026-05-16 17:04:22] STATUS 200 | 421ms | https://www.linkedin.com/jobs-guest/jobs/api/jobPosting/4412009225
[2026-05-16 17:04:25] STATUS 200 | 327ms | https://www.linkedin.com/jobs-guest/jobs/api/jobPosting/4135286088
[2026-05-16 17:04:26] STATUS 200 | 389ms | https://www.linkedin.com/jobs-guest/jobs/api/jobPosting/4415817871
[2026-05-16 17:04:29] STATUS 200 | 358ms | https://www.linkedin.com/jobs-guest/jobs/api/jobPosting/4415164358
[2026-05-16 17:04:30] STATUS 200 | 671ms | https://www.linkedin.com/jobs-guest/jobs/api/jobPosting/4412088087
[2026-05-16 17:04:32] STATUS 200 | 327ms | https://www.linkedin.com/jobs-guest/jobs/api/jobPosting/4415517954
[2026-05-16 17:04:33] STATUS 200 | 421ms | https://www.linkedin.com/jobs-guest/jobs/api/jobPosting/4415819525
[2026-05-16 17:04:36] STATUS 200 | 375ms | https://www.linkedin.com/jobs-guest/jobs/api/jobPosting/4415094366
[2026-05-16 17:04:36] STATUS 200 | 437ms | https://www.linkedin.com/jobs-guest/jobs/api/jobPosting/4412036271
[2026-05-16 17:04:39] STATUS 200 | 343ms | https://www.linkedin.com/jobs-guest/jobs/api/jobPosting/4415393801
[2026-05-16 17:04:40] STATUS 200 | 389ms | https://www.linkedin.com/jobs-guest/jobs/api/jobPosting/4412081634
[2026-05-16 17:04:42] STATUS 200 | 327ms | https://www.linkedin.com/jobs-guest/jobs/api/jobPosting/4415078383
[2026-05-16 17:04:43] STATUS 200 | 546ms | https://www.linkedin.com/jobs-guest/jobs/api/seeMoreJobPostings/search?location=
[2026-05-16 17:04:43] INFO | Page 29 → 9 cards
[2026-05-16 17:04:46] STATUS 200 | 327ms | https://www.linkedin.com/jobs-guest/jobs/api/jobPosting/4415844024
[2026-05-16 17:04:46] STATUS 200 | 672ms | https://www.linkedin.com/jobs-guest/jobs/api/jobPosting/4412074652
[2026-05-16 17:04:48] STATUS 200 | 593ms | https://www.linkedin.com/jobs-guest/jobs/api/seeMoreJobPostings/search?location=
[2026-05-16 17:04:48] INFO | Page 9 → 10 cards
[2026-05-16 17:04:50] STATUS 200 | 437ms | https://www.linkedin.com/jobs-guest/jobs/api/jobPosting/4411766681
[2026-05-16 17:04:52] STATUS 200 | 468ms | https://www.linkedin.com/jobs-guest/jobs/api/jobPosting/4415385445
[2026-05-16 17:04:53] STATUS 200 | 389ms | https://www.linkedin.com/jobs-guest/jobs/api/jobPosting/4415089906
[2026-05-16 17:04:55] STATUS 200 | 328ms | https://www.linkedin.com/jobs-guest/jobs/api/jobPosting/4415373419
[2026-05-16 17:04:57] STATUS 200 | 391ms | https://www.linkedin.com/jobs-guest/jobs/api/jobPosting/4412029687
[2026-05-16 17:04:59] STATUS 200 | 500ms | https://www.linkedin.com/jobs-guest/jobs/api/jobPosting/4415152217
[2026-05-16 17:05:00] STATUS 200 | 672ms | https://www.linkedin.com/jobs-guest/jobs/api/jobPosting/4412059999
[2026-05-16 17:05:02] STATUS 200 | 342ms | https://www.linkedin.com/jobs-guest/jobs/api/jobPosting/4397049516
[2026-05-16 17:05:04] STATUS 200 | 421ms | https://www.linkedin.com/jobs-guest/jobs/api/jobPosting/4414228646
[2026-05-16 17:05:06] STATUS 200 | 406ms | https://www.linkedin.com/jobs-guest/jobs/api/jobPosting/4415517124
[2026-05-16 17:05:07] STATUS 200 | 452ms | https://www.linkedin.com/jobs-guest/jobs/api/jobPosting/4413109551
[2026-05-16 17:05:09] STATUS 200 | 343ms | https://www.linkedin.com/jobs-guest/jobs/api/jobPosting/4415059557
[2026-05-16 17:05:11] STATUS 200 | 468ms | https://www.linkedin.com/jobs-guest/jobs/api/jobPosting/4415829119
[2026-05-16 17:05:12] STATUS 200 | 312ms | https://www.linkedin.com/jobs-guest/jobs/api/jobPosting/4415154103
[2026-05-16 17:05:14] STATUS 200 | 641ms | https://www.linkedin.com/jobs-guest/jobs/api/jobPosting/4415121560
[2026-05-16 17:05:16] STATUS 200 | 328ms | https://www.linkedin.com/jobs-guest/jobs/api/jobPosting/4415569595
[2026-05-16 17:05:17] STATUS 200 | 561ms | https://www.linkedin.com/jobs-guest/jobs/api/seeMoreJobPostings/search?location=
[2026-05-16 17:05:17] INFO | Page 30 → 7 cards
[2026-05-16 17:05:19] STATUS 200 | 343ms | https://www.linkedin.com/jobs-guest/jobs/api/jobPosting/4412084256
[2026-05-16 17:05:20] STATUS 200 | 406ms | https://www.linkedin.com/jobs-guest/jobs/api/jobPosting/4412029404
[2026-05-16 17:05:23] STATUS 200 | 327ms | https://www.linkedin.com/jobs-guest/jobs/api/jobPosting/4415164281
[2026-05-16 17:05:24] STATUS 200 | 406ms | https://www.linkedin.com/jobs-guest/jobs/api/jobPosting/4412032290
[2026-05-16 17:05:25] STATUS 200 | 547ms | https://www.linkedin.com/jobs-guest/jobs/api/seeMoreJobPostings/search?location=
[2026-05-16 17:05:25] INFO | Page 10 → 10 cards
[2026-05-16 17:05:27] STATUS 200 | 422ms | https://www.linkedin.com/jobs-guest/jobs/api/jobPosting/4412038224
[2026-05-16 17:05:28] STATUS 200 | 358ms | https://www.linkedin.com/jobs-guest/jobs/api/jobPosting/4415118975
[2026-05-16 17:05:31] STATUS 200 | 421ms | https://www.linkedin.com/jobs-guest/jobs/api/jobPosting/4415827142
[2026-05-16 17:05:32] STATUS 200 | 360ms | https://www.linkedin.com/jobs-guest/jobs/api/jobPosting/4415176002
[2026-05-16 17:05:34] STATUS 200 | 422ms | https://www.linkedin.com/jobs-guest/jobs/api/jobPosting/4415586641
[2026-05-16 17:05:35] STATUS 200 | 312ms | https://www.linkedin.com/jobs-guest/jobs/api/jobPosting/4415166373
[2026-05-16 17:05:38] STATUS 200 | 391ms | https://www.linkedin.com/jobs-guest/jobs/api/jobPosting/4405028764
[2026-05-16 17:05:39] STATUS 200 | 391ms | https://www.linkedin.com/jobs-guest/jobs/api/jobPosting/4415094511
[2026-05-16 17:05:41] STATUS 200 | 422ms | https://www.linkedin.com/jobs-guest/jobs/api/jobPosting/4412008440
[2026-05-16 17:05:42] STATUS 200 | 500ms | https://www.linkedin.com/jobs-guest/jobs/api/jobPosting/4415371576
[2026-05-16 17:05:44] STATUS 200 | 656ms | https://www.linkedin.com/jobs-guest/jobs/api/seeMoreJobPostings/search?location=
[2026-05-16 17:05:44] INFO | Page 31 → 10 cards
[2026-05-16 17:05:46] STATUS 200 | 343ms | https://www.linkedin.com/jobs-guest/jobs/api/jobPosting/4414128002
[2026-05-16 17:05:47] STATUS 200 | 422ms | https://www.linkedin.com/jobs-guest/jobs/api/jobPosting/4412075720
[2026-05-16 17:05:49] STATUS 200 | 344ms | https://www.linkedin.com/jobs-guest/jobs/api/jobPosting/4415159410
[2026-05-16 17:05:51] STATUS 200 | 437ms | https://www.linkedin.com/jobs-guest/jobs/api/jobPosting/4412022211
[2026-05-16 17:05:53] STATUS 200 | 750ms | https://www.linkedin.com/jobs-guest/jobs/api/jobPosting/4412082276
[2026-05-16 17:05:54] STATUS 200 | 436ms | https://www.linkedin.com/jobs-guest/jobs/api/jobPosting/4412074465
[2026-05-16 17:05:56] STATUS 200 | 328ms | https://www.linkedin.com/jobs-guest/jobs/api/jobPosting/4412084510
[2026-05-16 17:05:58] STATUS 200 | 375ms | https://www.linkedin.com/jobs-guest/jobs/api/jobPosting/4412013380
[2026-05-16 17:06:00] STATUS 200 | 296ms | https://www.linkedin.com/jobs-guest/jobs/api/jobPosting/4412007386
[2026-05-16 17:06:01] STATUS 200 | 421ms | https://www.linkedin.com/jobs-guest/jobs/api/jobPosting/4410138997
[2026-05-16 17:06:02] STATUS 200 | 547ms | https://www.linkedin.com/jobs-guest/jobs/api/seeMoreJobPostings/search?location=
[2026-05-16 17:06:02] INFO | Page 11 → 10 cards
[2026-05-16 17:06:05] STATUS 200 | 467ms | https://www.linkedin.com/jobs-guest/jobs/api/jobPosting/4412011420
[2026-05-16 17:06:05] STATUS 200 | 328ms | https://www.linkedin.com/jobs-guest/jobs/api/jobPosting/4415167363
[2026-05-16 17:06:08] STATUS 200 | 422ms | https://www.linkedin.com/jobs-guest/jobs/api/jobPosting/4412085575
[2026-05-16 17:06:09] STATUS 200 | 312ms | https://www.linkedin.com/jobs-guest/jobs/api/jobPosting/4412079157
[2026-05-16 17:06:12] STATUS 200 | 405ms | https://www.linkedin.com/jobs-guest/jobs/api/jobPosting/4414228643
[2026-05-16 17:06:12] STATUS 200 | 360ms | https://www.linkedin.com/jobs-guest/jobs/api/jobPosting/4411239596
[2026-05-16 17:06:15] STATUS 200 | 406ms | https://www.linkedin.com/jobs-guest/jobs/api/jobPosting/4414236594
[2026-05-16 17:06:16] STATUS 200 | 327ms | https://www.linkedin.com/jobs-guest/jobs/api/jobPosting/4415151587
[2026-05-16 17:06:18] STATUS 200 | 390ms | https://www.linkedin.com/jobs-guest/jobs/api/jobPosting/4414226690
[2026-05-16 17:06:19] STATUS 200 | 328ms | https://www.linkedin.com/jobs-guest/jobs/api/jobPosting/4415067941
[2026-05-16 17:06:21] STATUS 200 | 578ms | https://www.linkedin.com/jobs-guest/jobs/api/seeMoreJobPostings/search?location=
[2026-05-16 17:06:21] INFO | Page 32 → 10 cards
[2026-05-16 17:06:22] STATUS 200 | 327ms | https://www.linkedin.com/jobs-guest/jobs/api/jobPosting/4412080434
[2026-05-16 17:06:24] STATUS 200 | 515ms | https://www.linkedin.com/jobs-guest/jobs/api/jobPosting/4414227674
[2026-05-16 17:06:26] STATUS 200 | 312ms | https://www.linkedin.com/jobs-guest/jobs/api/jobPosting/4415394176
[2026-05-16 17:06:28] STATUS 200 | 406ms | https://www.linkedin.com/jobs-guest/jobs/api/jobPosting/4414222763
[2026-05-16 17:06:29] STATUS 200 | 343ms | https://www.linkedin.com/jobs-guest/jobs/api/jobPosting/4415133398
[2026-05-16 17:06:31] STATUS 200 | 453ms | https://www.linkedin.com/jobs-guest/jobs/api/jobPosting/4412010625
[2026-05-16 17:06:32] STATUS 200 | 342ms | https://www.linkedin.com/jobs-guest/jobs/api/jobPosting/4412077584
[2026-05-16 17:06:35] STATUS 200 | 422ms | https://www.linkedin.com/jobs-guest/jobs/api/jobPosting/4412013179
[2026-05-16 17:06:36] STATUS 200 | 328ms | https://www.linkedin.com/jobs-guest/jobs/api/jobPosting/4415854667
[2026-05-16 17:06:38] STATUS 200 | 562ms | https://www.linkedin.com/jobs-guest/jobs/api/seeMoreJobPostings/search?location=
[2026-05-16 17:06:38] STATUS 200 | 406ms | https://www.linkedin.com/jobs-guest/jobs/api/jobPosting/4415818522
[2026-05-16 17:06:38] INFO | Page 12 → 10 cards
[2026-05-16 17:06:42] STATUS 200 | 328ms | https://www.linkedin.com/jobs-guest/jobs/api/jobPosting/4415086075
[2026-05-16 17:06:42] STATUS 200 | 467ms | https://www.linkedin.com/jobs-guest/jobs/api/jobPosting/4412017416
[2026-05-16 17:06:45] STATUS 200 | 358ms | https://www.linkedin.com/jobs-guest/jobs/api/jobPosting/4412089447
[2026-05-16 17:06:45] STATUS 200 | 406ms | https://www.linkedin.com/jobs-guest/jobs/api/jobPosting/4289704926
[2026-05-16 17:06:49] STATUS 200 | 327ms | https://www.linkedin.com/jobs-guest/jobs/api/jobPosting/4415163185
[2026-05-16 17:06:49] STATUS 200 | 391ms | https://www.linkedin.com/jobs-guest/jobs/api/jobPosting/4412002559
[2026-05-16 17:06:52] STATUS 200 | 343ms | https://www.linkedin.com/jobs-guest/jobs/api/jobPosting/4415826165
[2026-05-16 17:06:53] STATUS 200 | 718ms | https://www.linkedin.com/jobs-guest/jobs/api/jobPosting/4410130450
[2026-05-16 17:06:55] STATUS 200 | 358ms | https://www.linkedin.com/jobs-guest/jobs/api/jobPosting/4415862565
[2026-05-16 17:06:56] STATUS 200 | 406ms | https://www.linkedin.com/jobs-guest/jobs/api/jobPosting/4415819513
[2026-05-16 17:06:59] STATUS 200 | 577ms | https://www.linkedin.com/jobs-guest/jobs/api/seeMoreJobPostings/search?location=
[2026-05-16 17:06:59] INFO | Page 33 → 9 cards
[2026-05-16 17:06:59] STATUS 200 | 328ms | https://www.linkedin.com/jobs-guest/jobs/api/jobPosting/4412081675
[2026-05-16 17:07:02] STATUS 200 | 406ms | https://www.linkedin.com/jobs-guest/jobs/api/jobPosting/4412036240
[2026-05-16 17:07:02] STATUS 200 | 343ms | https://www.linkedin.com/jobs-guest/jobs/api/jobPosting/4415814921
[2026-05-16 17:07:05] STATUS 200 | 328ms | https://www.linkedin.com/jobs-guest/jobs/api/jobPosting/4412011252
[2026-05-16 17:07:06] STATUS 200 | 437ms | https://www.linkedin.com/jobs-guest/jobs/api/jobPosting/4412008294
[2026-05-16 17:07:09] STATUS 200 | 328ms | https://www.linkedin.com/jobs-guest/jobs/api/jobPosting/4415811957
[2026-05-16 17:07:09] STATUS 200 | 422ms | https://www.linkedin.com/jobs-guest/jobs/api/jobPosting/4412031311
[2026-05-16 17:07:12] STATUS 200 | 359ms | https://www.linkedin.com/jobs-guest/jobs/api/jobPosting/4412042163
[2026-05-16 17:07:12] STATUS 200 | 391ms | https://www.linkedin.com/jobs-guest/jobs/api/jobPosting/4412035260
[2026-05-16 17:07:15] STATUS 200 | 547ms | https://www.linkedin.com/jobs-guest/jobs/api/seeMoreJobPostings/search?location=
[2026-05-16 17:07:15] INFO | Page 13 → 10 cards
[2026-05-16 17:07:16] STATUS 200 | 391ms | https://www.linkedin.com/jobs-guest/jobs/api/jobPosting/4415590632
[2026-05-16 17:07:18] STATUS 200 | 375ms | https://www.linkedin.com/jobs-guest/jobs/api/jobPosting/4412068800
[2026-05-16 17:07:19] STATUS 200 | 422ms | https://www.linkedin.com/jobs-guest/jobs/api/jobPosting/4415551578
[2026-05-16 17:07:22] STATUS 200 | 344ms | https://www.linkedin.com/jobs-guest/jobs/api/jobPosting/4412077419
[2026-05-16 17:07:23] STATUS 200 | 671ms | https://www.linkedin.com/jobs-guest/jobs/api/jobPosting/4412038235
[2026-05-16 17:07:25] STATUS 200 | 360ms | https://www.linkedin.com/jobs-guest/jobs/api/jobPosting/4415329696
[2026-05-16 17:07:26] STATUS 200 | 406ms | https://www.linkedin.com/jobs-guest/jobs/api/jobPosting/4393482441
[2026-05-16 17:07:28] STATUS 200 | 327ms | https://www.linkedin.com/jobs-guest/jobs/api/jobPosting/4415163193
[2026-05-16 17:07:30] STATUS 200 | 389ms | https://www.linkedin.com/jobs-guest/jobs/api/jobPosting/4412045285
[2026-05-16 17:07:32] STATUS 200 | 360ms | https://www.linkedin.com/jobs-guest/jobs/api/jobPosting/4415381247
[2026-05-16 17:07:33] STATUS 200 | 577ms | https://www.linkedin.com/jobs-guest/jobs/api/seeMoreJobPostings/search?location=
[2026-05-16 17:07:33] INFO | Page 34 → 9 cards
[2026-05-16 17:07:35] STATUS 200 | 312ms | https://www.linkedin.com/jobs-guest/jobs/api/jobPosting/4395337227
[2026-05-16 17:07:36] STATUS 200 | 421ms | https://www.linkedin.com/jobs-guest/jobs/api/jobPosting/4415362461
[2026-05-16 17:07:39] STATUS 200 | 358ms | https://www.linkedin.com/jobs-guest/jobs/api/jobPosting/4415525368
[2026-05-16 17:07:40] STATUS 200 | 578ms | https://www.linkedin.com/jobs-guest/jobs/api/jobPosting/4412082726
[2026-05-16 17:07:42] STATUS 200 | 296ms | https://www.linkedin.com/jobs-guest/jobs/api/jobPosting/4415548129
[2026-05-16 17:07:43] STATUS 200 | 422ms | https://www.linkedin.com/jobs-guest/jobs/api/jobPosting/4415832053
[2026-05-16 17:07:45] STATUS 200 | 375ms | https://www.linkedin.com/jobs-guest/jobs/api/jobPosting/4412006672
[2026-05-16 17:07:47] STATUS 200 | 421ms | https://www.linkedin.com/jobs-guest/jobs/api/jobPosting/4415087414
[2026-05-16 17:07:49] STATUS 200 | 327ms | https://www.linkedin.com/jobs-guest/jobs/api/jobPosting/4405082845
[2026-05-16 17:07:50] STATUS 200 | 358ms | https://www.linkedin.com/jobs-guest/jobs/api/jobPosting/4412004505
[2026-05-16 17:07:51] STATUS 200 | 531ms | https://www.linkedin.com/jobs-guest/jobs/api/seeMoreJobPostings/search?location=
[2026-05-16 17:07:51] INFO | Page 14 → 10 cards
[2026-05-16 17:07:53] STATUS 200 | 406ms | https://www.linkedin.com/jobs-guest/jobs/api/jobPosting/4412015429
[2026-05-16 17:07:55] STATUS 200 | 483ms | https://www.linkedin.com/jobs-guest/jobs/api/jobPosting/4412053214
[2026-05-16 17:07:57] STATUS 200 | 703ms | https://www.linkedin.com/jobs-guest/jobs/api/jobPosting/4412035277
[2026-05-16 17:07:58] STATUS 200 | 343ms | https://www.linkedin.com/jobs-guest/jobs/api/jobPosting/4393852742
[2026-05-16 17:08:01] STATUS 200 | 718ms | https://www.linkedin.com/jobs-guest/jobs/api/jobPosting/4415548621
[2026-05-16 17:08:01] STATUS 200 | 327ms | https://www.linkedin.com/jobs-guest/jobs/api/jobPosting/4412023669
[2026-05-16 17:08:04] STATUS 200 | 562ms | https://www.linkedin.com/jobs-guest/jobs/api/jobPosting/4412000720
[2026-05-16 17:08:05] STATUS 200 | 327ms | https://www.linkedin.com/jobs-guest/jobs/api/jobPosting/4415134091
[2026-05-16 17:08:07] STATUS 200 | 625ms | https://www.linkedin.com/jobs-guest/jobs/api/seeMoreJobPostings/search?location=
[2026-05-16 17:08:07] INFO | Page 35 → 9 cards
[2026-05-16 17:08:08] STATUS 200 | 328ms | https://www.linkedin.com/jobs-guest/jobs/api/jobPosting/4415596144
[2026-05-16 17:08:11] STATUS 200 | 407ms | https://www.linkedin.com/jobs-guest/jobs/api/jobPosting/4415830091
[2026-05-16 17:08:11] STATUS 200 | 297ms | https://www.linkedin.com/jobs-guest/jobs/api/jobPosting/4415141234
[2026-05-16 17:08:14] STATUS 200 | 421ms | https://www.linkedin.com/jobs-guest/jobs/api/jobPosting/4412008276
[2026-05-16 17:08:15] STATUS 200 | 343ms | https://www.linkedin.com/jobs-guest/jobs/api/jobPosting/4412036693
[2026-05-16 17:08:17] STATUS 200 | 438ms | https://www.linkedin.com/jobs-guest/jobs/api/jobPosting/4412032300
[2026-05-16 17:08:18] STATUS 200 | 327ms | https://www.linkedin.com/jobs-guest/jobs/api/jobPosting/4415514942
[2026-05-16 17:08:21] STATUS 200 | 421ms | https://www.linkedin.com/jobs-guest/jobs/api/jobPosting/4415080191
[2026-05-16 17:08:21] STATUS 200 | 312ms | https://www.linkedin.com/jobs-guest/jobs/api/jobPosting/4415364441
[2026-05-16 17:08:24] STATUS 200 | 406ms | https://www.linkedin.com/jobs-guest/jobs/api/jobPosting/4412025681
[2026-05-16 17:08:25] STATUS 200 | 328ms | https://www.linkedin.com/jobs-guest/jobs/api/jobPosting/4406168511
[2026-05-16 17:08:27] STATUS 200 | 516ms | https://www.linkedin.com/jobs-guest/jobs/api/seeMoreJobPostings/search?location=
[2026-05-16 17:08:27] INFO | Page 15 → 10 cards
[2026-05-16 17:08:28] STATUS 200 | 390ms | https://www.linkedin.com/jobs-guest/jobs/api/jobPosting/4412068994
[2026-05-16 17:08:31] STATUS 200 | 328ms | https://www.linkedin.com/jobs-guest/jobs/api/jobPosting/4415862409
[2026-05-16 17:08:31] STATUS 200 | 422ms | https://www.linkedin.com/jobs-guest/jobs/api/jobPosting/4412034278
[2026-05-16 17:08:34] STATUS 200 | 327ms | https://www.linkedin.com/jobs-guest/jobs/api/jobPosting/4415370335
[2026-05-16 17:08:35] STATUS 200 | 421ms | https://www.linkedin.com/jobs-guest/jobs/api/jobPosting/4412025669
[2026-05-16 17:08:37] STATUS 200 | 312ms | https://www.linkedin.com/jobs-guest/jobs/api/jobPosting/4415572819
[2026-05-16 17:08:38] STATUS 200 | 406ms | https://www.linkedin.com/jobs-guest/jobs/api/jobPosting/4375210905
[2026-05-16 17:08:41] STATUS 200 | 562ms | https://www.linkedin.com/jobs-guest/jobs/api/seeMoreJobPostings/search?location=
[2026-05-16 17:08:41] INFO | Page 36 → 9 cards
[2026-05-16 17:08:41] STATUS 200 | 391ms | https://www.linkedin.com/jobs-guest/jobs/api/jobPosting/4415513996
[2026-05-16 17:08:44] STATUS 200 | 297ms | https://www.linkedin.com/jobs-guest/jobs/api/jobPosting/4415154105
[2026-05-16 17:08:44] STATUS 200 | 702ms | https://www.linkedin.com/jobs-guest/jobs/api/jobPosting/4412078260
[2026-05-16 17:08:48] STATUS 200 | 344ms | https://www.linkedin.com/jobs-guest/jobs/api/jobPosting/4412078830
[2026-05-16 17:08:48] STATUS 200 | 406ms | https://www.linkedin.com/jobs-guest/jobs/api/jobPosting/4412014159
[2026-05-16 17:08:51] STATUS 200 | 360ms | https://www.linkedin.com/jobs-guest/jobs/api/jobPosting/4415357639
[2026-05-16 17:08:51] STATUS 200 | 468ms | https://www.linkedin.com/jobs-guest/jobs/api/jobPosting/4412003798
[2026-05-16 17:08:54] STATUS 200 | 312ms | https://www.linkedin.com/jobs-guest/jobs/api/jobPosting/4415368332
[2026-05-16 17:08:55] STATUS 200 | 718ms | https://www.linkedin.com/jobs-guest/jobs/api/jobPosting/4412062149
[2026-05-16 17:08:58] STATUS 200 | 312ms | https://www.linkedin.com/jobs-guest/jobs/api/jobPosting/4415811980
[2026-05-16 17:08:59] STATUS 200 | 405ms | https://www.linkedin.com/jobs-guest/jobs/api/jobPosting/4415563257
[2026-05-16 17:09:01] STATUS 200 | 328ms | https://www.linkedin.com/jobs-guest/jobs/api/jobPosting/4415082139
[2026-05-16 17:09:02] INFO | Script B starting (TEST MODE) — 2026-05-16T17:09:02.351342
[2026-05-16 17:09:02] INFO | Time filter: last 24 hours (f_TPR=r86400)
[2026-05-16 17:09:02] INFO | TEST_MODE=True — main files will NOT be modified
[2026-05-16 17:09:02] INFO | Results will be written to C:\Users\waqas\Downloads\fyp-career-guidance\fyp-career-guidance\backend\data\linkedin_daily_temp.json
[2026-05-16 17:09:02] INFO | Loaded existing data — 1016 jobs in database
[2026-05-16 17:09:02] INFO | Starting daily main pass (f_TPR=r86400)
[2026-05-16 17:09:02] INFO | Daily main pass starting (f_TPR=r86400)
[2026-05-16 17:09:02] STATUS 200 | 514ms | https://www.linkedin.com/jobs-guest/jobs/api/jobPosting/4412028803
[2026-05-16 17:09:04] STATUS 200 | 531ms | https://www.linkedin.com/jobs-guest/jobs/api/seeMoreJobPostings/search?location=
[2026-05-16 17:09:04] INFO | Page 16 → 10 cards
[2026-05-16 17:09:05] STATUS 200 | 1156ms | https://www.linkedin.com/jobs-guest/jobs/api/seeMoreJobPostings/search?location=
[2026-05-16 17:09:05] INFO | Page 0 → 10 cards
[2026-05-16 17:09:06] STATUS 200 | 453ms | https://www.linkedin.com/jobs-guest/jobs/api/jobPosting/4412079507
[2026-05-16 17:09:07] STATUS 200 | 328ms | https://www.linkedin.com/jobs-guest/jobs/api/jobPosting/4415067944
[2026-05-16 17:09:08] STATUS 200 | 406ms | https://www.linkedin.com/jobs-guest/jobs/api/jobPosting/4415512361
[2026-05-16 17:09:09] STATUS 200 | 437ms | https://www.linkedin.com/jobs-guest/jobs/api/jobPosting/4412010584
[2026-05-16 17:09:10] STATUS 200 | 312ms | https://www.linkedin.com/jobs-guest/jobs/api/jobPosting/4412064038
[2026-05-16 17:09:12] STATUS 200 | 421ms | https://www.linkedin.com/jobs-guest/jobs/api/jobPosting/4415165381
[2026-05-16 17:09:12] STATUS 200 | 391ms | https://www.linkedin.com/jobs-guest/jobs/api/jobPosting/4412001704
[2026-05-16 17:09:14] STATUS 200 | 311ms | https://www.linkedin.com/jobs-guest/jobs/api/jobPosting/4415856617
[2026-05-16 17:09:15] STATUS 200 | 577ms | https://www.linkedin.com/jobs-guest/jobs/api/seeMoreJobPostings/search?location=
[2026-05-16 17:09:15] INFO | Page 37 → 8 cards
[2026-05-16 17:09:15] STATUS 200 | 406ms | https://www.linkedin.com/jobs-guest/jobs/api/jobPosting/4412084457
[2026-05-16 17:09:17] STATUS 200 | 343ms | https://www.linkedin.com/jobs-guest/jobs/api/jobPosting/4412014252
[2026-05-16 17:09:18] STATUS 200 | 578ms | https://www.linkedin.com/jobs-guest/jobs/api/seeMoreJobPostings/search?location=
[2026-05-16 17:09:18] INFO | Page 1 → 10 cards
[2026-05-16 17:09:19] STATUS 200 | 483ms | https://www.linkedin.com/jobs-guest/jobs/api/jobPosting/4411587970
[2026-05-16 17:09:20] STATUS 200 | 375ms | https://www.linkedin.com/jobs-guest/jobs/api/jobPosting/4412064007
[2026-05-16 17:09:21] STATUS 200 | 406ms | https://www.linkedin.com/jobs-guest/jobs/api/jobPosting/4415163343
[2026-05-16 17:09:22] STATUS 200 | 391ms | https://www.linkedin.com/jobs-guest/jobs/api/jobPosting/4395296484
[2026-05-16 17:09:24] STATUS 200 | 500ms | https://www.linkedin.com/jobs-guest/jobs/api/jobPosting/4415815863
[2026-05-16 17:09:25] STATUS 200 | 406ms | https://www.linkedin.com/jobs-guest/jobs/api/jobPosting/4415595190
[2026-05-16 17:09:25] STATUS 200 | 452ms | https://www.linkedin.com/jobs-guest/jobs/api/jobPosting/4412022314
[2026-05-16 17:09:27] STATUS 200 | 296ms | https://www.linkedin.com/jobs-guest/jobs/api/jobPosting/4415109346
[2026-05-16 17:09:28] STATUS 200 | 391ms | https://www.linkedin.com/jobs-guest/jobs/api/jobPosting/4415168294
[2026-05-16 17:09:29] STATUS 200 | 687ms | https://www.linkedin.com/jobs-guest/jobs/api/jobPosting/4385113859
[2026-05-16 17:09:31] STATUS 200 | 327ms | https://www.linkedin.com/jobs-guest/jobs/api/jobPosting/4415145756
[2026-05-16 17:09:32] STATUS 200 | 358ms | https://www.linkedin.com/jobs-guest/jobs/api/jobPosting/4415168307
[2026-05-16 17:09:33] STATUS 200 | 422ms | https://www.linkedin.com/jobs-guest/jobs/api/jobPosting/4412016705
[2026-05-16 17:09:34] STATUS 200 | 342ms | https://www.linkedin.com/jobs-guest/jobs/api/jobPosting/4415356685
[2026-05-16 17:09:35] STATUS 200 | 672ms | https://www.linkedin.com/jobs-guest/jobs/api/jobPosting/4412074672
[2026-05-16 17:09:36] STATUS 200 | 407ms | https://www.linkedin.com/jobs-guest/jobs/api/jobPosting/4415566109
[2026-05-16 17:09:37] STATUS 200 | 342ms | https://www.linkedin.com/jobs-guest/jobs/api/jobPosting/4412009028
[2026-05-16 17:09:39] STATUS 200 | 375ms | https://www.linkedin.com/jobs-guest/jobs/api/jobPosting/4415161355
[2026-05-16 17:09:40] STATUS 200 | 468ms | https://www.linkedin.com/jobs-guest/jobs/api/jobPosting/4415187288
[2026-05-16 17:09:40] STATUS 200 | 562ms | https://www.linkedin.com/jobs-guest/jobs/api/seeMoreJobPostings/search?location=
[2026-05-16 17:09:40] INFO | Page 17 → 9 cards
[2026-05-16 17:09:41] STATUS 200 | 547ms | https://www.linkedin.com/jobs-guest/jobs/api/seeMoreJobPostings/search?location=
[2026-05-16 17:09:41] INFO | Page 2 → 10 cards
[2026-05-16 17:09:43] STATUS 200 | 422ms | https://www.linkedin.com/jobs-guest/jobs/api/jobPosting/4415566132
[2026-05-16 17:09:43] STATUS 200 | 405ms | https://www.linkedin.com/jobs-guest/jobs/api/jobPosting/4412009028
[2026-05-16 17:09:45] STATUS 200 | 406ms | https://www.linkedin.com/jobs-guest/jobs/api/jobPosting/4415504612
[2026-05-16 17:09:46] STATUS 200 | 562ms | https://www.linkedin.com/jobs-guest/jobs/api/seeMoreJobPostings/search?location=
[2026-05-16 17:09:46] INFO | Page 38 → 4 cards
[2026-05-16 17:09:47] STATUS 200 | 375ms | https://www.linkedin.com/jobs-guest/jobs/api/jobPosting/4412089286
[2026-05-16 17:09:48] STATUS 200 | 406ms | https://www.linkedin.com/jobs-guest/jobs/api/jobPosting/4094858694
[2026-05-16 17:09:49] STATUS 200 | 406ms | https://www.linkedin.com/jobs-guest/jobs/api/jobPosting/4415568085
[2026-05-16 17:09:50] STATUS 200 | 360ms | https://www.linkedin.com/jobs-guest/jobs/api/jobPosting/4406173697
[2026-05-16 17:09:52] STATUS 200 | 687ms | https://www.linkedin.com/jobs-guest/jobs/api/jobPosting/4415162313
[2026-05-16 17:09:52] STATUS 200 | 406ms | https://www.linkedin.com/jobs-guest/jobs/api/jobPosting/4412016761
[2026-05-16 17:09:54] STATUS 200 | 343ms | https://www.linkedin.com/jobs-guest/jobs/api/jobPosting/4412035548
[2026-05-16 17:09:56] STATUS 200 | 1063ms | https://www.linkedin.com/jobs-guest/jobs/api/jobPosting/4415117942
[2026-05-16 17:09:57] STATUS 200 | 1125ms | https://www.linkedin.com/jobs-guest/jobs/api/jobPosting/4415558343
[2026-05-16 17:09:57] STATUS 200 | 327ms | https://www.linkedin.com/jobs-guest/jobs/api/jobPosting/4415577717
[2026-05-16 17:09:59] STATUS 200 | 406ms | https://www.linkedin.com/jobs-guest/jobs/api/jobPosting/4415164344
[2026-05-16 17:10:00] STATUS 200 | 421ms | https://www.linkedin.com/jobs-guest/jobs/api/jobPosting/4412027506
[2026-05-16 17:10:00] STATUS 200 | 328ms | https://www.linkedin.com/jobs-guest/jobs/api/jobPosting/4415504028
[2026-05-16 17:10:02] STATUS 200 | 437ms | https://www.linkedin.com/jobs-guest/jobs/api/seeMoreJobPostings/search?location=
[2026-05-16 17:10:02] INFO | Page 39 → 0 cards
[2026-05-16 17:10:02] INFO | Page 39 returned 0 jobs — end of results
[2026-05-16 17:10:02] INFO | Daily main pass complete — 345 new jobs found
[2026-05-16 17:10:02] INFO | Main pass complete — 345 new jobs found
[2026-05-16 17:10:03] STATUS 200 | 375ms | https://www.linkedin.com/jobs-guest/jobs/api/jobPosting/4415511373
[2026-05-16 17:10:04] STATUS 200 | 328ms | https://www.linkedin.com/jobs-guest/jobs/api/jobPosting/4415309977
[2026-05-16 17:10:06] STATUS 200 | 375ms | https://www.linkedin.com/jobs-guest/jobs/api/jobPosting/4415150733
[2026-05-16 17:10:07] STATUS 200 | 358ms | https://www.linkedin.com/jobs-guest/jobs/api/jobPosting/4412045099
[2026-05-16 17:10:09] STATUS 200 | 593ms | https://www.linkedin.com/jobs-guest/jobs/api/seeMoreJobPostings/search?location=
[2026-05-16 17:10:09] INFO | Page 3 → 10 cards
[2026-05-16 17:10:10] STATUS 200 | 343ms | https://www.linkedin.com/jobs-guest/jobs/api/jobPosting/4393631523
[2026-05-16 17:10:12] STATUS 200 | 406ms | https://www.linkedin.com/jobs-guest/jobs/api/jobPosting/4415847397
[2026-05-16 17:10:13] STATUS 200 | 532ms | https://www.linkedin.com/jobs-guest/jobs/api/seeMoreJobPostings/search?location=
[2026-05-16 17:10:13] INFO | Page 18 → 9 cards
[2026-05-16 17:10:16] STATUS 200 | 389ms | https://www.linkedin.com/jobs-guest/jobs/api/jobPosting/4415849635
[2026-05-16 17:10:16] STATUS 200 | 375ms | https://www.linkedin.com/jobs-guest/jobs/api/jobPosting/4412028171
[2026-05-16 17:10:17] INFO | Starting Pass 1 — On-site (f_WT=1)
[2026-05-16 17:10:17] INFO | onsite (f_WT=1, f_TPR=r86400) starting
[2026-05-16 17:10:19] STATUS 200 | 406ms | https://www.linkedin.com/jobs-guest/jobs/api/jobPosting/4415864328
[2026-05-16 17:10:20] STATUS 200 | 343ms | https://www.linkedin.com/jobs-guest/jobs/api/jobPosting/4412027084
[2026-05-16 17:10:20] STATUS 200 | 593ms | https://www.linkedin.com/jobs-guest/jobs/api/seeMoreJobPostings/search?location=
[2026-05-16 17:10:22] STATUS 200 | 375ms | https://www.linkedin.com/jobs-guest/jobs/api/jobPosting/4415162308
[2026-05-16 17:10:23] STATUS 200 | 593ms | https://www.linkedin.com/jobs-guest/jobs/api/seeMoreJobPostings/search?location=
[2026-05-16 17:10:23] STATUS 200 | 343ms | https://www.linkedin.com/jobs-guest/jobs/api/jobPosting/4412019224
[2026-05-16 17:10:25] STATUS 200 | 610ms | https://www.linkedin.com/jobs-guest/jobs/api/seeMoreJobPostings/search?location=
[2026-05-16 17:10:26] STATUS 200 | 375ms | https://www.linkedin.com/jobs-guest/jobs/api/jobPosting/4415151736
[2026-05-16 17:10:26] STATUS 200 | 358ms | https://www.linkedin.com/jobs-guest/jobs/api/jobPosting/4415376825
[2026-05-16 17:10:28] STATUS 200 | 593ms | https://www.linkedin.com/jobs-guest/jobs/api/seeMoreJobPostings/search?location=
[2026-05-16 17:10:29] STATUS 200 | 375ms | https://www.linkedin.com/jobs-guest/jobs/api/jobPosting/4415158474
[2026-05-16 17:10:30] STATUS 200 | 343ms | https://www.linkedin.com/jobs-guest/jobs/api/jobPosting/4412077041
[2026-05-16 17:10:31] STATUS 200 | 561ms | https://www.linkedin.com/jobs-guest/jobs/api/seeMoreJobPostings/search?location=
[2026-05-16 17:10:33] STATUS 200 | 531ms | https://www.linkedin.com/jobs-guest/jobs/api/jobPosting/4412085274
[2026-05-16 17:10:33] STATUS 200 | 608ms | https://www.linkedin.com/jobs-guest/jobs/api/seeMoreJobPostings/search?location=
[2026-05-16 17:10:33] STATUS 200 | 375ms | https://www.linkedin.com/jobs-guest/jobs/api/jobPosting/4415505152
[2026-05-16 17:10:36] STATUS 200 | 375ms | https://www.linkedin.com/jobs-guest/jobs/api/jobPosting/4415162364
[2026-05-16 17:10:36] STATUS 200 | 1062ms | https://www.linkedin.com/jobs-guest/jobs/api/seeMoreJobPostings/search?location=
[2026-05-16 17:10:37] STATUS 200 | 312ms | https://www.linkedin.com/jobs-guest/jobs/api/jobPosting/4330642872
[2026-05-16 17:10:39] STATUS 200 | 735ms | https://www.linkedin.com/jobs-guest/jobs/api/seeMoreJobPostings/search?location=
[2026-05-16 17:10:39] INFO | Page 4 → 10 cards
[2026-05-16 17:10:39] STATUS 200 | 734ms | https://www.linkedin.com/jobs-guest/jobs/api/seeMoreJobPostings/search?location=
[2026-05-16 17:10:40] STATUS 200 | 327ms | https://www.linkedin.com/jobs-guest/jobs/api/jobPosting/4412027584
[2026-05-16 17:10:42] STATUS 200 | 609ms | https://www.linkedin.com/jobs-guest/jobs/api/seeMoreJobPostings/search?location=
[2026-05-16 17:10:42] STATUS 200 | 391ms | https://www.linkedin.com/jobs-guest/jobs/api/jobPosting/4415169251
[2026-05-16 17:10:43] STATUS 200 | 358ms | https://www.linkedin.com/jobs-guest/jobs/api/jobPosting/4415369316
[2026-05-16 17:10:44] STATUS 200 | 609ms | https://www.linkedin.com/jobs-guest/jobs/api/seeMoreJobPostings/search?location=
[2026-05-16 17:10:46] STATUS 200 | 360ms | https://www.linkedin.com/jobs-guest/jobs/api/jobPosting/4415171176
[2026-05-16 17:10:46] STATUS 200 | 531ms | https://www.linkedin.com/jobs-guest/jobs/api/seeMoreJobPostings/search?location=
[2026-05-16 17:10:46] INFO | Page 19 → 8 cards
[2026-05-16 17:10:47] STATUS 200 | 563ms | https://www.linkedin.com/jobs-guest/jobs/api/seeMoreJobPostings/search?location=
[2026-05-16 17:10:49] STATUS 200 | 406ms | https://www.linkedin.com/jobs-guest/jobs/api/jobPosting/4415565809
[2026-05-16 17:10:49] STATUS 200 | 343ms | https://www.linkedin.com/jobs-guest/jobs/api/jobPosting/4415086071
[2026-05-16 17:10:49] STATUS 200 | 593ms | https://www.linkedin.com/jobs-guest/jobs/api/seeMoreJobPostings/search?location=
[2026-05-16 17:10:52] STATUS 200 | 593ms | https://www.linkedin.com/jobs-guest/jobs/api/seeMoreJobPostings/search?location=
[2026-05-16 17:10:53] STATUS 200 | 327ms | https://www.linkedin.com/jobs-guest/jobs/api/jobPosting/4415357640
[2026-05-16 17:10:53] STATUS 200 | 389ms | https://www.linkedin.com/jobs-guest/jobs/api/jobPosting/4415158541
[2026-05-16 17:10:55] STATUS 200 | 562ms | https://www.linkedin.com/jobs-guest/jobs/api/seeMoreJobPostings/search?location=
[2026-05-16 17:10:56] STATUS 200 | 343ms | https://www.linkedin.com/jobs-guest/jobs/api/jobPosting/4412028885
[2026-05-16 17:10:56] STATUS 200 | 422ms | https://www.linkedin.com/jobs-guest/jobs/api/jobPosting/4415153647
[2026-05-16 17:10:57] STATUS 200 | 641ms | https://www.linkedin.com/jobs-guest/jobs/api/seeMoreJobPostings/search?location=
[2026-05-16 17:10:59] STATUS 200 | 531ms | https://www.linkedin.com/jobs-guest/jobs/api/jobPosting/4343617741
[2026-05-16 17:10:59] STATUS 200 | 389ms | https://www.linkedin.com/jobs-guest/jobs/api/jobPosting/4415171232
[2026-05-16 17:11:00] STATUS 200 | 562ms | https://www.linkedin.com/jobs-guest/jobs/api/seeMoreJobPostings/search?location=
[2026-05-16 17:11:02] STATUS 200 | 593ms | https://www.linkedin.com/jobs-guest/jobs/api/seeMoreJobPostings/search?location=
[2026-05-16 17:11:03] STATUS 200 | 389ms | https://www.linkedin.com/jobs-guest/jobs/api/jobPosting/4415171220
[2026-05-16 17:11:03] STATUS 200 | 781ms | https://www.linkedin.com/jobs-guest/jobs/api/jobPosting/4412046392
[2026-05-16 17:11:05] STATUS 200 | 578ms | https://www.linkedin.com/jobs-guest/jobs/api/seeMoreJobPostings/search?location=
[2026-05-16 17:11:05] STATUS 200 | 593ms | https://www.linkedin.com/jobs-guest/jobs/api/seeMoreJobPostings/search?location=
[2026-05-16 17:11:06] INFO | Page 5 → 10 cards
[2026-05-16 17:11:07] STATUS 200 | 327ms | https://www.linkedin.com/jobs-guest/jobs/api/jobPosting/4412016217
[2026-05-16 17:11:08] STATUS 200 | 593ms | https://www.linkedin.com/jobs-guest/jobs/api/seeMoreJobPostings/search?location=
[2026-05-16 17:11:09] STATUS 200 | 391ms | https://www.linkedin.com/jobs-guest/jobs/api/jobPosting/4415183056
[2026-05-16 17:11:10] STATUS 200 | 360ms | https://www.linkedin.com/jobs-guest/jobs/api/jobPosting/4412095063
[2026-05-16 17:11:10] STATUS 200 | 593ms | https://www.linkedin.com/jobs-guest/jobs/api/seeMoreJobPostings/search?location=
[2026-05-16 17:11:12] STATUS 200 | 391ms | https://www.linkedin.com/jobs-guest/jobs/api/jobPosting/4415168366
[2026-05-16 17:11:13] STATUS 200 | 577ms | https://www.linkedin.com/jobs-guest/jobs/api/seeMoreJobPostings/search?location=
[2026-05-16 17:11:13] STATUS 200 | 328ms | https://www.linkedin.com/jobs-guest/jobs/api/jobPosting/4415082379
[2026-05-16 17:11:16] STATUS 200 | 608ms | https://www.linkedin.com/jobs-guest/jobs/api/seeMoreJobPostings/search?location=
[2026-05-16 17:11:16] STATUS 200 | 375ms | https://www.linkedin.com/jobs-guest/jobs/api/jobPosting/4415393034
[2026-05-16 17:11:16] STATUS 200 | 531ms | https://www.linkedin.com/jobs-guest/jobs/api/seeMoreJobPostings/search?location=
[2026-05-16 17:11:16] INFO | Page 20 → 10 cards
[2026-05-16 17:11:18] STATUS 200 | 546ms | https://www.linkedin.com/jobs-guest/jobs/api/seeMoreJobPostings/search?location=
[2026-05-16 17:11:19] STATUS 200 | 389ms | https://www.linkedin.com/jobs-guest/jobs/api/jobPosting/4384836014
[2026-05-16 17:11:19] STATUS 200 | 312ms | https://www.linkedin.com/jobs-guest/jobs/api/jobPosting/4384172087
[2026-05-16 17:11:21] STATUS 200 | 577ms | https://www.linkedin.com/jobs-guest/jobs/api/seeMoreJobPostings/search?location=
[2026-05-16 17:11:23] STATUS 200 | 422ms | https://www.linkedin.com/jobs-guest/jobs/api/jobPosting/4415530179
[2026-05-16 17:11:23] STATUS 200 | 328ms | https://www.linkedin.com/jobs-guest/jobs/api/jobPosting/4412025718
[2026-05-16 17:11:23] STATUS 200 | 577ms | https://www.linkedin.com/jobs-guest/jobs/api/seeMoreJobPostings/search?location=
[2026-05-16 17:11:26] STATUS 200 | 592ms | https://www.linkedin.com/jobs-guest/jobs/api/seeMoreJobPostings/search?location=
[2026-05-16 17:11:26] STATUS 200 | 344ms | https://www.linkedin.com/jobs-guest/jobs/api/jobPosting/4415161219
[2026-05-16 17:11:26] STATUS 200 | 375ms | https://www.linkedin.com/jobs-guest/jobs/api/jobPosting/4415161325
[2026-05-16 17:11:28] STATUS 200 | 562ms | https://www.linkedin.com/jobs-guest/jobs/api/seeMoreJobPostings/search?location=
[2026-05-16 17:11:29] STATUS 200 | 328ms | https://www.linkedin.com/jobs-guest/jobs/api/jobPosting/4412080743
[2026-05-16 17:11:29] STATUS 200 | 391ms | https://www.linkedin.com/jobs-guest/jobs/api/jobPosting/4415154444
[2026-05-16 17:11:31] STATUS 200 | 593ms | https://www.linkedin.com/jobs-guest/jobs/api/seeMoreJobPostings/search?location=
[2026-05-16 17:11:33] STATUS 200 | 484ms | https://www.linkedin.com/jobs-guest/jobs/api/jobPosting/4412070726
[2026-05-16 17:11:33] STATUS 200 | 485ms | https://www.linkedin.com/jobs-guest/jobs/api/jobPosting/4412016063
[2026-05-16 17:11:34] STATUS 200 | 641ms | https://www.linkedin.com/jobs-guest/jobs/api/seeMoreJobPostings/search?location=
[2026-05-16 17:11:36] STATUS 200 | 593ms | https://www.linkedin.com/jobs-guest/jobs/api/jobPosting/3924963429
[2026-05-16 17:11:36] STATUS 200 | 733ms | https://www.linkedin.com/jobs-guest/jobs/api/seeMoreJobPostings/search?location=
[2026-05-16 17:11:36] INFO | onsite: page 29 returned 0 jobs — end of results
[2026-05-16 17:11:36] INFO | onsite complete — 266 job_ids collected
[2026-05-16 17:11:37] STATUS 200 | 1296ms | https://www.linkedin.com/jobs-guest/jobs/api/jobPosting/4415154509
[2026-05-16 17:11:40] STATUS 200 | 343ms | https://www.linkedin.com/jobs-guest/jobs/api/jobPosting/4415170083
[2026-05-16 17:11:40] STATUS 200 | 578ms | https://www.linkedin.com/jobs-guest/jobs/api/seeMoreJobPostings/search?location=
[2026-05-16 17:11:40] INFO | Page 6 → 10 cards
[2026-05-16 17:11:43] STATUS 200 | 343ms | https://www.linkedin.com/jobs-guest/jobs/api/jobPosting/4412085802
[2026-05-16 17:11:43] STATUS 200 | 389ms | https://www.linkedin.com/jobs-guest/jobs/api/jobPosting/4415154458
[2026-05-16 17:11:47] STATUS 200 | 311ms | https://www.linkedin.com/jobs-guest/jobs/api/jobPosting/4412091036
[2026-05-16 17:11:47] STATUS 200 | 483ms | https://www.linkedin.com/jobs-guest/jobs/api/jobPosting/4415844025
[2026-05-16 17:11:50] STATUS 200 | 312ms | https://www.linkedin.com/jobs-guest/jobs/api/jobPosting/4415860000
[2026-05-16 17:11:50] STATUS 200 | 406ms | https://www.linkedin.com/jobs-guest/jobs/api/jobPosting/4415850481
[2026-05-16 17:11:51] INFO | Starting Pass 2 — Remote (f_WT=2)
[2026-05-16 17:11:51] INFO | remote (f_WT=2, f_TPR=r86400) starting
[2026-05-16 17:11:52] STATUS 200 | 578ms | https://www.linkedin.com/jobs-guest/jobs/api/seeMoreJobPostings/search?location=
[2026-05-16 17:11:52] INFO | Page 21 → 9 cards
[2026-05-16 17:11:54] STATUS 200 | 391ms | https://www.linkedin.com/jobs-guest/jobs/api/jobPosting/4415166375
[2026-05-16 17:11:54] STATUS 200 | 578ms | https://www.linkedin.com/jobs-guest/jobs/api/seeMoreJobPostings/search?location=
[2026-05-16 17:11:56] STATUS 200 | 343ms | https://www.linkedin.com/jobs-guest/jobs/api/jobPosting/4412036181
[2026-05-16 17:11:57] STATUS 200 | 531ms | https://www.linkedin.com/jobs-guest/jobs/api/seeMoreJobPostings/search?location=
[2026-05-16 17:11:57] STATUS 200 | 375ms | https://www.linkedin.com/jobs-guest/jobs/api/jobPosting/4415151698
[2026-05-16 17:11:59] STATUS 200 | 562ms | https://www.linkedin.com/jobs-guest/jobs/api/seeMoreJobPostings/search?location=
[2026-05-16 17:11:59] STATUS 200 | 360ms | https://www.linkedin.com/jobs-guest/jobs/api/jobPosting/4411358928
[2026-05-16 17:12:01] STATUS 200 | 421ms | https://www.linkedin.com/jobs-guest/jobs/api/jobPosting/4412084466
[2026-05-16 17:12:02] STATUS 200 | 577ms | https://www.linkedin.com/jobs-guest/jobs/api/seeMoreJobPostings/search?location=
[2026-05-16 17:12:03] STATUS 200 | 328ms | https://www.linkedin.com/jobs-guest/jobs/api/jobPosting/4415081163
[2026-05-16 17:12:04] STATUS 200 | 531ms | https://www.linkedin.com/jobs-guest/jobs/api/jobPosting/4415158537
[2026-05-16 17:12:04] STATUS 200 | 594ms | https://www.linkedin.com/jobs-guest/jobs/api/seeMoreJobPostings/search?location=
[2026-05-16 17:12:06] STATUS 200 | 358ms | https://www.linkedin.com/jobs-guest/jobs/api/jobPosting/4415084104
[2026-05-16 17:12:07] STATUS 200 | 764ms | https://www.linkedin.com/jobs-guest/jobs/api/seeMoreJobPostings/search?location=
[2026-05-16 17:12:08] STATUS 200 | 593ms | https://www.linkedin.com/jobs-guest/jobs/api/jobPosting/4415846033
[2026-05-16 17:12:09] STATUS 200 | 358ms | https://www.linkedin.com/jobs-guest/jobs/api/jobPosting/4415091020
[2026-05-16 17:12:10] STATUS 200 | 562ms | https://www.linkedin.com/jobs-guest/jobs/api/seeMoreJobPostings/search?location=
[2026-05-16 17:12:11] STATUS 200 | 500ms | https://www.linkedin.com/jobs-guest/jobs/api/jobPosting/4415157429
[2026-05-16 17:12:12] STATUS 200 | 609ms | https://www.linkedin.com/jobs-guest/jobs/api/seeMoreJobPostings/search?location=
[2026-05-16 17:12:13] STATUS 200 | 421ms | https://www.linkedin.com/jobs-guest/jobs/api/jobPosting/4415072581
[2026-05-16 17:12:15] STATUS 200 | 421ms | https://www.linkedin.com/jobs-guest/jobs/api/jobPosting/4410634620
[2026-05-16 17:12:15] STATUS 200 | 609ms | https://www.linkedin.com/jobs-guest/jobs/api/seeMoreJobPostings/search?location=
[2026-05-16 17:12:16] STATUS 200 | 327ms | https://www.linkedin.com/jobs-guest/jobs/api/jobPosting/4412057971
[2026-05-16 17:12:17] STATUS 200 | 577ms | https://www.linkedin.com/jobs-guest/jobs/api/seeMoreJobPostings/search?location=
[2026-05-16 17:12:17] INFO | Page 7 → 10 cards
[2026-05-16 17:12:17] STATUS 200 | 484ms | https://www.linkedin.com/jobs-guest/jobs/api/seeMoreJobPostings/search?location=
[2026-05-16 17:12:17] INFO | remote: page 9 returned 0 jobs — end of results
[2026-05-16 17:12:17] INFO | remote complete — 85 job_ids collected
[2026-05-16 17:12:19] STATUS 200 | 343ms | https://www.linkedin.com/jobs-guest/jobs/api/jobPosting/4412047306
[2026-05-16 17:12:21] STATUS 200 | 389ms | https://www.linkedin.com/jobs-guest/jobs/api/jobPosting/4414221839
[2026-05-16 17:12:23] STATUS 200 | 328ms | https://www.linkedin.com/jobs-guest/jobs/api/jobPosting/4412018043
[2026-05-16 17:12:24] STATUS 200 | 687ms | https://www.linkedin.com/jobs-guest/jobs/api/jobPosting/4415080187
[2026-05-16 17:12:25] STATUS 200 | 578ms | https://www.linkedin.com/jobs-guest/jobs/api/seeMoreJobPostings/search?location=
[2026-05-16 17:12:25] INFO | Page 22 → 9 cards
[2026-05-16 17:12:28] STATUS 200 | 672ms | https://www.linkedin.com/jobs-guest/jobs/api/jobPosting/4415091008
[2026-05-16 17:12:29] STATUS 200 | 391ms | https://www.linkedin.com/jobs-guest/jobs/api/jobPosting/4413168632
[2026-05-16 17:12:32] STATUS 200 | 406ms | https://www.linkedin.com/jobs-guest/jobs/api/jobPosting/4412040685
[2026-05-16 17:12:32] STATUS 200 | 343ms | https://www.linkedin.com/jobs-guest/jobs/api/jobPosting/4412087562
[2026-05-16 17:12:32] INFO | Starting Pass 3 — Hybrid (f_WT=3)
[2026-05-16 17:12:32] INFO | hybrid (f_WT=3, f_TPR=r86400) starting
[2026-05-16 17:12:35] STATUS 200 | 389ms | https://www.linkedin.com/jobs-guest/jobs/api/jobPosting/4415373604
[2026-05-16 17:12:36] STATUS 200 | 343ms | https://www.linkedin.com/jobs-guest/jobs/api/jobPosting/4387877246
[2026-05-16 17:12:36] STATUS 200 | 1125ms | https://www.linkedin.com/jobs-guest/jobs/api/seeMoreJobPostings/search?location=
[2026-05-16 17:12:38] STATUS 200 | 530ms | https://www.linkedin.com/jobs-guest/jobs/api/seeMoreJobPostings/search?location=
[2026-05-16 17:12:38] STATUS 200 | 389ms | https://www.linkedin.com/jobs-guest/jobs/api/jobPosting/4412008212
[2026-05-16 17:12:39] STATUS 200 | 312ms | https://www.linkedin.com/jobs-guest/jobs/api/jobPosting/4408196299
[2026-05-16 17:12:41] STATUS 200 | 483ms | https://www.linkedin.com/jobs-guest/jobs/api/seeMoreJobPostings/search?location=
[2026-05-16 17:12:41] INFO | hybrid: page 2 returned 0 jobs — end of results
[2026-05-16 17:12:41] INFO | hybrid complete — 12 job_ids collected
[2026-05-16 17:12:41] INFO | Work type enrichment complete — 323/337 jobs labeled (95%)
[2026-05-16 17:12:41] INFO | Starting closure check (jobs >= 4 days old)
[2026-05-16 17:12:41] INFO | Closure check — 0 candidates (age >= 4 days, cap=300)
[2026-05-16 17:12:41] INFO | Closure check complete — 0/0 jobs closed
[2026-05-16 17:12:41] INFO | TEST_MODE: temp results written to C:\Users\waqas\Downloads\fyp-career-guidance\fyp-career-guidance\backend\data\linkedin_daily_temp.json
[2026-05-16 17:12:41] INFO | Script B complete (TEST MODE)
  New jobs today:         345
  Total in database:      1016
  Still active:           1016
  Closure updates:        0
[2026-05-16 17:12:41] INFO | Verify results at: C:\Users\waqas\Downloads\fyp-career-guidance\fyp-career-guidance\backend\data\linkedin_daily_temp.json
[2026-05-16 17:12:41] INFO | To run in production: set TEST_MODE = False
[2026-05-16 17:12:42] STATUS 200 | 405ms | https://www.linkedin.com/jobs-guest/jobs/api/jobPosting/4415080660
[2026-05-16 17:12:42] STATUS 200 | 375ms | https://www.linkedin.com/jobs-guest/jobs/api/jobPosting/4412076388
